Log file open, 12/02/17 20:50:39
LogWindows: Failed to load 'aqProf.dll' (GetLastError=126)
LogWindows: File 'aqProf.dll' does not exist
LogWindows: Failed to load 'VSPerf140.dll' (GetLastError=126)
LogWindows: File 'VSPerf140.dll' does not exist
LogWindows: Failed to load 'VtuneApi.dll' (GetLastError=126)
LogWindows: File 'VtuneApi.dll' does not exist
LogWindows: Failed to load 'VtuneApi32e.dll' (GetLastError=126)
LogWindows: File 'VtuneApi32e.dll' does not exist
LogInit: Display: Running engine for game: VrGame
LogPlatformFile: Not using cached read wrapper
LogInit: Display: RandInit(-471724648) SRandInit(-471724648).
LogInit: Read version file with build ID '3709383'
LogInit: Overriding engine version to CL 3754814, compatible CL 3709383
LogInit: Registered custom module enumerator with build ID '3709383'
LogTaskGraph: Started task graph with 5 named threads and 14 total threads with 3 sets of task threads.
LogStats: Stats thread started at 0.174395
LogD3D11RHI: Aftermath initialized
LogModuleManager: Display: Found up-to-date module file ../../../Engine/Plugins/2D/Paper2D/Binaries/Win64/UE4Editor-Paper2D.dll (API version 3709383).
LogModuleManager: Display: Found up-to-date module file ../../../Engine/Plugins/2D/Paper2D/Binaries/Win64/UE4Editor-Paper2DEditor.dll (API version 3709383).
LogModuleManager: Display: Found up-to-date module file ../../../Engine/Plugins/2D/Paper2D/Binaries/Win64/UE4Editor-PaperSpriteSheetImporter.dll (API version 3709383).
LogModuleManager: Display: Found up-to-date module file ../../../Engine/Plugins/2D/Paper2D/Binaries/Win64/UE4Editor-PaperTiledImporter.dll (API version 3709383).
LogModuleManager: Display: Found up-to-date module file ../../../Engine/Plugins/2D/Paper2D/Binaries/Win64/UE4Editor-SmartSnapping.dll (API version 3709383).
LogModuleManager: Display: Found up-to-date module file ../../../Engine/Plugins/Blendables/LightPropagationVolume/Binaries/Win64/UE4Editor-LightPropagationVolumeRuntime.dll (API version 3709383).
LogModuleManager: Display: Found up-to-date module file ../../../Engine/Plugins/Blendables/LightPropagationVolume/Binaries/Win64/UE4Editor-LightPropagationVolumeEditor.dll (API version 3709383).
LogModuleManager: Display: Found up-to-date module file ../../../Engine/Plugins/Developer/GitSourceControl/Binaries/Win64/UE4Editor-GitSourceControl.dll (API version 3709383).
LogModuleManager: Display: Found up-to-date module file ../../../Engine/Plugins/Developer/PerforceSourceControl/Binaries/Win64/UE4Editor-PerforceSourceControl.dll (API version 3709383).
LogModuleManager: Display: Found up-to-date module file ../../../Engine/Plugins/Developer/SubversionSourceControl/Binaries/Win64/UE4Editor-SubversionSourceControl.dll (API version 3709383).
LogModuleManager: Display: Found up-to-date module file ../../../Engine/Plugins/Developer/UObjectPlugin/Binaries/Win64/UE4Editor-UObjectPlugin.dll (API version 3709383).
LogModuleManager: Display: Found up-to-date module file ../../../Engine/Plugins/Developer/VisualStudioCodeSourceCodeAccess/Binaries/Win64/UE4Editor-VisualStudioCodeSourceCodeAccess.dll (API version 3709383).
LogModuleManager: Display: Found up-to-date module file ../../../Engine/Plugins/Developer/VisualStudioSourceCodeAccess/Binaries/Win64/UE4Editor-VisualStudioSourceCodeAccess.dll (API version 3709383).
LogModuleManager: Display: Found up-to-date module file ../../../Engine/Plugins/Editor/AssetManagerEditor/Binaries/Win64/UE4Editor-AssetManagerEditor.dll (API version 3709383).
LogModuleManager: Display: Found up-to-date module file ../../../Engine/Plugins/Editor/AudioCapture/Binaries/Win64/UE4Editor-AudioCapture.dll (API version 3709383).
LogModuleManager: Display: Found up-to-date module file ../../../Engine/Plugins/Editor/FacialAnimation/Binaries/Win64/UE4Editor-FacialAnimation.dll (API version 3709383).
LogModuleManager: Display: Found up-to-date module file ../../../Engine/Plugins/Editor/FacialAnimation/Binaries/Win64/UE4Editor-FacialAnimationEditor.dll (API version 3709383).
LogModuleManager: Display: Found up-to-date module file ../../../Engine/Plugins/Editor/GameplayTagsEditor/Binaries/Win64/UE4Editor-GameplayTagsEditor.dll (API version 3709383).
LogModuleManager: Display: Found up-to-date module file ../../../Engine/Plugins/Editor/MobileLauncherProfileWizard/Binaries/Win64/UE4Editor-MobileLauncherProfileWizard.dll (API version 3709383).
LogModuleManager: Display: Found up-to-date module file ../../../Engine/Plugins/Editor/PluginBrowser/Binaries/Win64/UE4Editor-PluginBrowser.dll (API version 3709383).
LogModuleManager: Display: Found up-to-date module file ../../../Engine/Plugins/Editor/SpeedTreeImporter/Binaries/Win64/UE4Editor-SpeedTreeImporter.dll (API version 3709383).
LogModuleManager: Display: Found up-to-date module file ../../../Engine/Plugins/Experimental/AlembicImporter/Binaries/Win64/UE4Editor-AlembicImporter.dll (API version 3709383).
LogModuleManager: Display: Found up-to-date module file ../../../Engine/Plugins/Experimental/AlembicImporter/Binaries/Win64/UE4Editor-AlembicLibrary.dll (API version 3709383).
LogModuleManager: Display: Found up-to-date module file ../../../Engine/Plugins/Experimental/CharacterAI/Binaries/Win64/UE4Editor-CharacterAI.dll (API version 3709383).
LogModuleManager: Display: Found up-to-date module file ../../../Engine/Plugins/Experimental/HTML5Networking/Binaries/Win64/UE4Editor-HTML5Networking.dll (API version 3709383).
LogModuleManager: Display: Found up-to-date module file ../../../Engine/Plugins/Media/AndroidMedia/Binaries/Win64/UE4Editor-AndroidMediaEditor.dll (API version 3709383).
LogModuleManager: Display: Found up-to-date module file ../../../Engine/Plugins/Media/AndroidMedia/Binaries/Win64/UE4Editor-AndroidMediaFactory.dll (API version 3709383).
LogModuleManager: Display: Found up-to-date module file ../../../Engine/Plugins/Media/AvfMedia/Binaries/Win64/UE4Editor-AvfMediaEditor.dll (API version 3709383).
LogModuleManager: Display: Found up-to-date module file ../../../Engine/Plugins/Media/AvfMedia/Binaries/Win64/UE4Editor-AvfMediaFactory.dll (API version 3709383).
LogModuleManager: Display: Found up-to-date module file ../../../Engine/Plugins/Media/AvfMedia/Binaries/Win64/UE4Editor-AvfMediaFactory.dll (API version 3709383).
LogModuleManager: Display: Found up-to-date module file ../../../Engine/Plugins/Media/ImgMedia/Binaries/Win64/UE4Editor-ImgMedia.dll (API version 3709383).
LogModuleManager: Display: Found up-to-date module file ../../../Engine/Plugins/Media/ImgMedia/Binaries/Win64/UE4Editor-ImgMediaEditor.dll (API version 3709383).
LogModuleManager: Display: Found up-to-date module file ../../../Engine/Plugins/Media/ImgMedia/Binaries/Win64/UE4Editor-ImgMediaFactory.dll (API version 3709383).
LogModuleManager: Display: Found up-to-date module file ../../../Engine/Plugins/Media/ImgMedia/Binaries/Win64/UE4Editor-ImgMediaFactory.dll (API version 3709383).
LogModuleManager: Display: Found up-to-date module file ../../../Engine/Plugins/Media/ImgMedia/Binaries/Win64/UE4Editor-OpenExrWrapper.dll (API version 3709383).
LogModuleManager: Display: Found up-to-date module file ../../../Engine/Plugins/Media/MediaCompositing/Binaries/Win64/UE4Editor-MediaCompositing.dll (API version 3709383).
LogModuleManager: Display: Found up-to-date module file ../../../Engine/Plugins/Media/MediaCompositing/Binaries/Win64/UE4Editor-MediaCompositingEditor.dll (API version 3709383).
LogModuleManager: Display: Found up-to-date module file ../../../Engine/Plugins/Media/MediaPlayerEditor/Binaries/Win64/UE4Editor-MediaPlayerEditor.dll (API version 3709383).
LogModuleManager: Display: Found up-to-date module file ../../../Engine/Plugins/Media/WmfMedia/Binaries/Win64/UE4Editor-WmfMedia.dll (API version 3709383).
LogModuleManager: Display: Found up-to-date module file ../../../Engine/Plugins/Media/WmfMedia/Binaries/Win64/UE4Editor-WmfMediaEditor.dll (API version 3709383).
LogModuleManager: Display: Found up-to-date module file ../../../Engine/Plugins/Media/WmfMedia/Binaries/Win64/UE4Editor-WmfMediaFactory.dll (API version 3709383).
LogModuleManager: Display: Found up-to-date module file ../../../Engine/Plugins/Media/WmfMedia/Binaries/Win64/UE4Editor-WmfMediaFactory.dll (API version 3709383).
LogModuleManager: Display: Found up-to-date module file ../../../Engine/Plugins/Messaging/TcpMessaging/Binaries/Win64/UE4Editor-TcpMessaging.dll (API version 3709383).
LogModuleManager: Display: Found up-to-date module file ../../../Engine/Plugins/Messaging/UdpMessaging/Binaries/Win64/UE4Editor-UdpMessaging.dll (API version 3709383).
LogModuleManager: Display: Found up-to-date module file ../../../Engine/Plugins/MovieScene/ActorSequence/Binaries/Win64/UE4Editor-ActorSequence.dll (API version 3709383).
LogModuleManager: Display: Found up-to-date module file ../../../Engine/Plugins/MovieScene/LevelSequenceEditor/Binaries/Win64/UE4Editor-LevelSequenceEditor.dll (API version 3709383).
LogModuleManager: Display: Found up-to-date module file ../../../Engine/Plugins/MovieScene/MatineeToLevelSequence/Binaries/Win64/UE4Editor-MatineeToLevelSequence.dll (API version 3709383).
LogModuleManager: Display: Found up-to-date module file ../../../Engine/Plugins/Online/OnlineSubsystem/Binaries/Win64/UE4Editor-OnlineSubsystem.dll (API version 3709383).
LogModuleManager: Display: Found up-to-date module file ../../../Engine/Plugins/Runtime/AndroidPermission/Binaries/Win64/UE4Editor-AndroidPermission.dll (API version 3709383).
LogModuleManager: Display: Found up-to-date module file ../../../Engine/Plugins/Online/OnlineSubsystemNull/Binaries/Win64/UE4Editor-OnlineSubsystemNull.dll (API version 3709383).
LogModuleManager: Display: Found up-to-date module file ../../../Engine/Plugins/Online/OnlineSubsystemUtils/Binaries/Win64/UE4Editor-OnlineSubsystemUtils.dll (API version 3709383).
LogModuleManager: Display: Found up-to-date module file ../../../Engine/Plugins/Online/OnlineSubsystemUtils/Binaries/Win64/UE4Editor-OnlineBlueprintSupport.dll (API version 3709383).
LogModuleManager: Display: Found up-to-date module file ../../../Engine/Plugins/Runtime/AndroidDeviceProfileSelector/Binaries/Win64/UE4Editor-AndroidDeviceProfileSelector.dll (API version 3709383).
LogModuleManager: Display: Found up-to-date module file ../../../Engine/Plugins/Runtime/AppleARKit/Binaries/Win64/UE4Editor-AppleARKit.dll (API version 3709383).
LogModuleManager: Display: Found up-to-date module file ../../../Engine/Plugins/Runtime/ArchVisCharacter/Binaries/Win64/UE4Editor-ArchVisCharacter.dll (API version 3709383).
LogModuleManager: Display: Found up-to-date module file ../../../Engine/Plugins/Runtime/CableComponent/Binaries/Win64/UE4Editor-CableComponent.dll (API version 3709383).
LogModuleManager: Display: Found up-to-date module file ../../../Engine/Plugins/Runtime/CustomMeshComponent/Binaries/Win64/UE4Editor-CustomMeshComponent.dll (API version 3709383).
LogModuleManager: Display: Found up-to-date module file ../../../Engine/Plugins/Runtime/ExampleDeviceProfileSelector/Binaries/Win64/UE4Editor-ExampleDeviceProfileSelector.dll (API version 3709383).
LogModuleManager: Display: Found up-to-date module file ../../../Engine/Plugins/Runtime/ImmediatePhysics/Binaries/Win64/UE4Editor-ImmediatePhysics.dll (API version 3709383).
LogModuleManager: Display: Found up-to-date module file ../../../Engine/Plugins/Runtime/ImmediatePhysics/Binaries/Win64/UE4Editor-ImmediatePhysicsEditor.dll (API version 3709383).
LogModuleManager: Display: Found up-to-date module file ../../../Engine/Plugins/Runtime/LocationServicesBPLibrary/Binaries/Win64/UE4Editor-LocationServicesBPLibrary.dll (API version 3709383).
LogModuleManager: Display: Found up-to-date module file ../../../Engine/Plugins/Runtime/MobilePatchingUtils/Binaries/Win64/UE4Editor-MobilePatchingUtils.dll (API version 3709383).
LogModuleManager: Display: Found up-to-date module file ../../../Engine/Plugins/Runtime/Oculus/OculusVR/Binaries/Win64/UE4Editor-OculusHMD.dll (API version 3709383).
LogModuleManager: Display: Found up-to-date module file ../../../Engine/Plugins/Runtime/Oculus/OculusVR/Binaries/Win64/UE4Editor-OculusInput.dll (API version 3709383).
LogModuleManager: Display: Found up-to-date module file ../../../Engine/Plugins/Runtime/Oculus/OculusVR/Binaries/Win64/UE4Editor-OculusEditor.dll (API version 3709383).
LogModuleManager: Display: Found up-to-date module file ../../../Engine/Plugins/Runtime/PhysXVehicles/Binaries/Win64/UE4Editor-PhysXVehicles.dll (API version 3709383).
LogModuleManager: Display: Found up-to-date module file ../../../Engine/Plugins/Runtime/PhysXVehicles/Binaries/Win64/UE4Editor-PhysXVehiclesEditor.dll (API version 3709383).
LogModuleManager: Display: Found up-to-date module file ../../../Engine/Plugins/Runtime/ProceduralMeshComponent/Binaries/Win64/UE4Editor-ProceduralMeshComponent.dll (API version 3709383).
LogModuleManager: Display: Found up-to-date module file ../../../Engine/Plugins/Runtime/ProceduralMeshComponent/Binaries/Win64/UE4Editor-ProceduralMeshComponentEditor.dll (API version 3709383).
LogModuleManager: Display: Found up-to-date module file ../../../Engine/Plugins/Runtime/RuntimePhysXCooking/Binaries/Win64/UE4Editor-RuntimePhysXCooking.dll (API version 3709383).
LogModuleManager: Display: Found up-to-date module file ../../../Engine/Plugins/Runtime/Steam/SteamVR/Binaries/Win64/UE4Editor-SteamVR.dll (API version 3709383).
LogModuleManager: Display: Found up-to-date module file ../../../Engine/Plugins/Runtime/Steam/SteamVR/Binaries/Win64/UE4Editor-SteamVRController.dll (API version 3709383).
LogModuleManager: Display: Found up-to-date module file ../../../Engine/Plugins/Runtime/WindowsMoviePlayer/Binaries/Win64/UE4Editor-WindowsMoviePlayer.dll (API version 3709383).
LogPluginManager: Mounting plugin Paper2D
LogPluginManager: Mounting plugin LightPropagationVolume
LogPluginManager: Mounting plugin CodeLiteSourceCodeAccess
LogPluginManager: Mounting plugin GitSourceControl
LogPluginManager: Mounting plugin KDevelopSourceCodeAccess
LogPluginManager: Mounting plugin NullSourceCodeAccess
LogPluginManager: Mounting plugin PerforceSourceControl
LogPluginManager: Mounting plugin SubversionSourceControl
LogPluginManager: Mounting plugin UObjectPlugin
LogPluginManager: Mounting plugin VisualStudioCodeSourceCodeAccess
LogPluginManager: Mounting plugin VisualStudioSourceCodeAccess
LogPluginManager: Mounting plugin XCodeSourceCodeAccess
LogPluginManager: Mounting plugin AssetManagerEditor
LogPluginManager: Mounting plugin AudioCapture
LogPluginManager: Mounting plugin FacialAnimation
LogPluginManager: Mounting plugin GameplayTagsEditor
LogPluginManager: Mounting plugin MobileLauncherProfileWizard
LogPluginManager: Mounting plugin PluginBrowser
LogPluginManager: Mounting plugin SpeedTreeImporter
LogPluginManager: Mounting plugin AlembicImporter
LogPluginManager: Mounting plugin CharacterAI
LogPluginManager: Mounting plugin HTML5Networking
LogPluginManager: Mounting plugin AndroidMedia
LogPluginManager: Mounting plugin AvfMedia
LogPluginManager: Mounting plugin ImgMedia
LogPluginManager: Mounting plugin MediaCompositing
LogPluginManager: Mounting plugin MediaPlayerEditor
LogPluginManager: Mounting plugin WmfMedia
LogPluginManager: Mounting plugin TcpMessaging
LogPluginManager: Mounting plugin UdpMessaging
LogPluginManager: Mounting plugin ActorSequence
LogPluginManager: Mounting plugin LevelSequenceEditor
LogPluginManager: Mounting plugin MatineeToLevelSequence
LogPluginManager: Mounting plugin OnlineSubsystemGooglePlay
LogPluginManager: Mounting plugin OnlineSubsystemIOS
LogPluginManager: Mounting plugin OnlineSubsystem
LogPluginManager: Mounting plugin OnlineSubsystemNull
LogPluginManager: Mounting plugin OnlineSubsystemUtils
LogPluginManager: Mounting plugin AndroidDeviceProfileSelector
LogPluginManager: Mounting plugin AndroidMoviePlayer
LogPluginManager: Mounting plugin AndroidPermission
LogPluginManager: Mounting plugin AppleARKit
LogPluginManager: Mounting plugin AppleMoviePlayer
LogPluginManager: Mounting plugin ArchVisCharacter
LogPluginManager: Mounting plugin CableComponent
LogPluginManager: Mounting plugin CustomMeshComponent
LogPluginManager: Mounting plugin ExampleDeviceProfileSelector
LogPluginManager: Mounting plugin GoogleCloudMessaging
LogPluginManager: Mounting plugin ImmediatePhysics
LogPluginManager: Mounting plugin IOSDeviceProfileSelector
LogPluginManager: Mounting plugin LinuxDeviceProfileSelector
LogPluginManager: Mounting plugin LocationServicesBPLibrary
LogPluginManager: Mounting plugin MobilePatchingUtils
LogPluginManager: Mounting plugin OculusVR
LogPluginManager: Plugin shader directory ../../../Engine/Plugins/Runtime/Oculus/OculusVR/Shaders found
LogPluginManager: Mapping shader source directory ../../../Engine/Plugins/Runtime/Oculus/OculusVR/Shaders to virtual directory /Plugin/OculusVR
LogPluginManager: Mounting plugin PhysXVehicles
LogPluginManager: Mounting plugin ProceduralMeshComponent
LogPluginManager: Mounting plugin RuntimePhysXCooking
LogPluginManager: Mounting plugin SteamVR
LogPluginManager: Mounting plugin WindowsMoviePlayer
LogInit: Using libcurl 7.47.1
LogInit:  - built for x86_64-pc-win32
LogInit:  - supports SSL with OpenSSL/1.0.2g
LogInit:  - supports HTTP deflate (compression) using libz 1.2.8
LogInit:  - other features:
LogInit:      CURL_VERSION_SSL
LogInit:      CURL_VERSION_LIBZ
LogInit:      CURL_VERSION_IPV6
LogInit:      CURL_VERSION_ASYNCHDNS
LogInit:      CURL_VERSION_LARGEFILE
LogInit:      CURL_VERSION_IDN
LogInit:  CurlRequestOptions (configurable via config and command line):
LogInit:  - bVerifyPeer = false  - Libcurl will NOT verify peer certificate
LogInit:  - bUseHttpProxy = false  - Libcurl will NOT use HTTP proxy
LogInit:  - bDontReuseConnections = false  - Libcurl will reuse connections
LogInit:  - CertBundlePath = nullptr  - Libcurl will use whatever was configured at build time.
LogInit: Build: ++UE4+Release-4.18-CL-3754814
LogInit: Engine Version: 4.18.1-3754814+++UE4+Release-4.18
LogInit: Compatible Engine Version: 4.18.0-3709383+++UE4+Release-4.18
LogInit: Net CL: 3709383
LogDevObjectVersion: Number of dev versions registered: 16
LogDevObjectVersion:   Dev-Blueprints (B0D832E4-1F89-4F0D-ACCF-7EB736FD4AA2): 10
LogDevObjectVersion:   Dev-Build (E1C64328-A22C-4D53-A36C-8E866417BD8C): 0
LogDevObjectVersion:   Dev-Core (375EC13C-06E4-48FB-B500-84F0262A717E): 2
LogDevObjectVersion:   Dev-Editor (E4B068ED-F494-42E9-A231-DA0B2E46BB41): 20
LogDevObjectVersion:   Dev-Framework (CFFC743F-43B0-4480-9391-14DF171D2073): 30
LogDevObjectVersion:   Dev-Mobile (B02B49B5-BB20-44E9-A304-32B752E40360): 0
LogDevObjectVersion:   Dev-Networking (A4E4105C-59A1-49B5-A7C5-40C4547EDFEE): 0
LogDevObjectVersion:   Dev-Online (39C831C9-5AE6-47DC-9A44-9C173E1C8E7C): 0
LogDevObjectVersion:   Dev-Physics (78F01B33-EBEA-4F98-B9B4-84EACCB95AA2): 0
LogDevObjectVersion:   Dev-Platform (6631380F-2D4D-43E0-8009-CF276956A95A): 0
LogDevObjectVersion:   Dev-Rendering (12F88B9F-8875-4AFC-A67C-D90C383ABD29): 20
LogDevObjectVersion:   Dev-Sequencer (7B5AE74C-D270-4C10-A958-57980B212A5A): 4
LogDevObjectVersion:   Dev-VR (D7296918-1DD6-4BDD-9DE2-64A83CC13884): 0
LogDevObjectVersion:   Dev-LoadTimes (C2A15278-BFE7-4AFE-6C17-90FF531DF755): 1
LogDevObjectVersion:   Private-Geometry (6EACA3D4-40EC-4CC1-B786-8BED09428FC5): 1
LogDevObjectVersion:   Dev-AnimPhys (29E575DD-E0A3-4627-9D10-D276232CDCEA): 12
LogInit: Compiled (64-bit): Nov 14 2017 02:05:55
LogInit: Compiled with Visual C++: 19.00.24215.01
LogInit: Build Configuration: Development
LogInit: Branch Name: ++UE4+Release-4.18
LogInit: Command line: -EpicPortal 
LogInit: Base directory: D:/Unreal Program/1/UE_4.18/Engine/Binaries/Win64/
LogInit: Installed Engine Build: 1
LogInit: Presizing for max 8388607 objects, including 0 objects not considered by GC, pre-allocating 0 bytes for permanent pool.
LogInit: Object subsystem initialized
[2017.12.02-18.50.40:623][  0]LogInit: Selected Device Profile: [Windows]
[2017.12.02-18.50.40:623][  0]LogInit: Applying CVar settings loaded from the selected device profile: [Windows]
[2017.12.02-18.50.40:643][  0]LogInit: Computer: DESKTOP-L7CBORC
[2017.12.02-18.50.40:643][  0]LogInit: User: Tal
[2017.12.02-18.50.40:643][  0]LogInit: CPU Page size=4096, Cores=4
[2017.12.02-18.50.40:643][  0]LogInit: High frequency timer resolution =3.328124 MHz
[2017.12.02-18.50.40:644][  0]LogMemory: Memory total: Physical=15.9GB (16GB approx)
[2017.12.02-18.50.40:644][  0]LogMemory: Platform Memory Stats for Windows
[2017.12.02-18.50.40:644][  0]LogMemory: Process Physical Memory: 273.05 MB used, 273.05 MB peak
[2017.12.02-18.50.40:644][  0]LogMemory: Process Virtual Memory: 271.99 MB used, 271.99 MB peak
[2017.12.02-18.50.40:644][  0]LogMemory: Physical Memory: 14352.33 MB used,  1953.43 MB free, 16305.76 MB total
[2017.12.02-18.50.40:644][  0]LogMemory: Virtual Memory: 650.91 MB used,  1953.43 MB free, 134217728.00 MB total
[2017.12.02-18.50.40:908][  0]LogInit: Using OS detected language (en-US).
[2017.12.02-18.50.40:908][  0]LogInit: Using OS detected locale (en-US).
[2017.12.02-18.50.40:919][  0]LogTextLocalizationManager: No specific localization for 'en-US' exists, so the 'en' localization will be used.
[2017.12.02-18.50.41:730][  0]LogInit: Setting process to per monitor DPI aware
[2017.12.02-18.50.42:154][  0]LogD3D11RHI: D3D11 adapters:
[2017.12.02-18.50.42:179][  0]LogD3D11RHI:    0. 'AMD Radeon R9 200 Series' (Feature Level 11_0)
[2017.12.02-18.50.42:179][  0]LogD3D11RHI:       4072/0/8152 MB DedicatedVideo/DedicatedSystem/SharedSystem, Outputs:2, VendorId:0x1002
[2017.12.02-18.50.42:180][  0]LogD3D11RHI:    1. 'Microsoft Basic Render Driver' (Feature Level 11_0)
[2017.12.02-18.50.42:180][  0]LogD3D11RHI:       0/0/8152 MB DedicatedVideo/DedicatedSystem/SharedSystem, Outputs:0, VendorId:0x1414
[2017.12.02-18.50.42:180][  0]LogD3D11RHI: Chosen D3D11 Adapter: 0
[2017.12.02-18.50.42:188][  0]LogD3D11RHI: Creating new Direct3DDevice
[2017.12.02-18.50.42:188][  0]LogD3D11RHI:     GPU DeviceId: 0x67b1 (for the marketing name, search the web for "GPU Device Id")
[2017.12.02-18.50.42:188][  0]LogWindows: EnumDisplayDevices:
[2017.12.02-18.50.42:189][  0]LogWindows:    0. 'AMD Radeon R9 200 Series' (P:1 D:1)
[2017.12.02-18.50.42:189][  0]LogWindows:    1. 'AMD Radeon R9 200 Series' (P:0 D:1)
[2017.12.02-18.50.42:189][  0]LogWindows:    2. 'AMD Radeon R9 200 Series' (P:0 D:0)
[2017.12.02-18.50.42:189][  0]LogWindows:    3. 'AMD Radeon R9 200 Series' (P:0 D:0)
[2017.12.02-18.50.42:190][  0]LogWindows:    4. 'AMD Radeon R9 200 Series' (P:0 D:0)
[2017.12.02-18.50.42:190][  0]LogWindows:    5. 'AMD Radeon R9 200 Series' (P:0 D:0)
[2017.12.02-18.50.42:190][  0]LogWindows:    6. 'AMD Radeon R9 200 Series' (P:0 D:0)
[2017.12.02-18.50.42:190][  0]LogWindows:    7. 'AMD Radeon R9 200 Series' (P:0 D:0)
[2017.12.02-18.50.42:190][  0]LogWindows:    8. 'AMD Radeon R9 200 Series' (P:0 D:0)
[2017.12.02-18.50.42:191][  0]LogWindows:    9. 'AMD Radeon R9 200 Series' (P:0 D:0)
[2017.12.02-18.50.42:191][  0]LogWindows:    10. 'AMD Radeon R9 200 Series' (P:0 D:0)
[2017.12.02-18.50.42:191][  0]LogWindows:    11. 'AMD Radeon R9 200 Series' (P:0 D:0)
[2017.12.02-18.50.42:191][  0]LogWindows:    12. 'AMD Radeon R9 200 Series' (P:0 D:0)
[2017.12.02-18.50.42:192][  0]LogWindows:    13. 'AMD Radeon R9 200 Series' (P:0 D:0)
[2017.12.02-18.50.42:192][  0]LogWindows:    14. 'AMD Radeon R9 200 Series' (P:0 D:0)
[2017.12.02-18.50.42:192][  0]LogWindows:    15. 'AMD Radeon R9 200 Series' (P:0 D:0)
[2017.12.02-18.50.42:192][  0]LogWindows: DebugString: FoundDriverCount:16 
[2017.12.02-18.50.42:192][  0]LogD3D11RHI:     Adapter Name: AMD Radeon R9 200 Series
[2017.12.02-18.50.42:192][  0]LogD3D11RHI:   Driver Version: Crimson ReLive 17.11.1 (internal:23.20.788.0, unified:23.20.788.0)
[2017.12.02-18.50.42:192][  0]LogD3D11RHI:      Driver Date: 11-2-2017
[2017.12.02-18.50.42:192][  0]LogRHI: Texture pool is 2850 MB (70% of 4072 MB)
[2017.12.02-18.50.42:240][  0]LogD3D11RHI: Async texture creation enabled
[2017.12.02-18.50.42:252][  0]LogD3D11RHI: GPU Timing Frequency: 27.000000 (Debug: 2 1)
[2017.12.02-18.50.42:253][  0]LogShaderCompilers: Guid format shader working directory is -1 characters bigger than the processId version (C:/Users/Tal/Documents/Unreal Projects/VrGame/Intermediate/Shaders/WorkingDirectory/9572/).
[2017.12.02-18.50.42:253][  0]LogShaderCompilers: Cleaned the shader compiler working directory 'C:/Users/Tal/AppData/Local/Temp/UnrealShaderWorkingDir/E01FCC7C45738BD0E0C0208946251284/'.
[2017.12.02-18.50.42:253][  0]LogShaderCompilers: Display: Using Local Shader Compiler.
[2017.12.02-18.50.44:258][  0]LogTemp: Display: Loaded TP AllDesktopTargetPlatform
[2017.12.02-18.50.44:357][  0]LogTemp: Display: Loaded TP MacClientTargetPlatform
[2017.12.02-18.50.44:464][  0]LogTemp: Display: Loaded TP MacNoEditorTargetPlatform
[2017.12.02-18.50.44:578][  0]LogTemp: Display: Loaded TP MacServerTargetPlatform
[2017.12.02-18.50.44:752][  0]LogTemp: Display: Loaded TP MacTargetPlatform
[2017.12.02-18.50.44:893][  0]LogTemp: Display: Loaded TP WindowsClientTargetPlatform
[2017.12.02-18.50.45:017][  0]LogTemp: Display: Loaded TP WindowsNoEditorTargetPlatform
[2017.12.02-18.50.45:122][  0]LogTemp: Display: Loaded TP WindowsServerTargetPlatform
[2017.12.02-18.50.45:248][  0]LogTemp: Display: Loaded TP WindowsTargetPlatform
[2017.12.02-18.50.45:319][  0]LogTemp: Display: Loaded TP Android_ASTCTargetPlatform
[2017.12.02-18.50.45:419][  0]LogTemp: Display: Loaded TP Android_ATCTargetPlatform
[2017.12.02-18.50.45:486][  0]LogTemp: Display: Loaded TP Android_DXTTargetPlatform
[2017.12.02-18.50.45:552][  0]LogTemp: Display: Loaded TP Android_ETC1TargetPlatform
[2017.12.02-18.50.45:604][  0]LogTemp: Display: Loaded TP Android_ETC2TargetPlatform
[2017.12.02-18.50.45:722][  0]LogTemp: Display: Loaded TP Android_MultiTargetPlatform
[2017.12.02-18.50.45:722][  0]LogTemp: Display: Loaded TP Android_PVRTCTargetPlatform
[2017.12.02-18.50.45:781][  0]LogTemp: Display: Loaded TP AndroidTargetPlatform
[2017.12.02-18.50.45:825][  0]LogTemp: Display: Loaded TP HTML5TargetPlatform
[2017.12.02-18.50.45:906][  0]LogTemp: Display: Loaded TP IOSTargetPlatform
[2017.12.02-18.50.45:947][  0]LogTemp: Display: Loaded TP TVOSTargetPlatform
[2017.12.02-18.50.45:998][  0]LogTemp: Display: Loaded TP LinuxClientTargetPlatform
[2017.12.02-18.50.46:057][  0]LogTemp: Display: Loaded TP LinuxNoEditorTargetPlatform
[2017.12.02-18.50.46:117][  0]LogTemp: Display: Loaded TP LinuxServerTargetPlatform
[2017.12.02-18.50.46:178][  0]LogTemp: Display: Loaded TP LinuxTargetPlatform
[2017.12.02-18.50.46:178][  0]LogTargetPlatformManager: Display: Building Assets For Windows
[2017.12.02-18.50.46:676][  0]LogDerivedDataCache: Display: Max Cache Size: 512 MB
[2017.12.02-18.50.46:899][  0]LogDerivedDataCache: Loaded boot cache 0.22s 92MB C:/Users/Tal/AppData/Local/UnrealEngine/4.18/DerivedDataCache/Boot.ddc.
[2017.12.02-18.50.46:899][  0]LogDerivedDataCache: Display: Loaded Boot cache: C:/Users/Tal/AppData/Local/UnrealEngine/4.18/DerivedDataCache/Boot.ddc
[2017.12.02-18.50.46:900][  0]LogDerivedDataCache: FDerivedDataBackendGraph:  Pak pak cache file C:/Users/Tal/Documents/Unreal Projects/VrGame/DerivedDataCache/DDC.ddp not found, will not use a pak cache.
[2017.12.02-18.50.46:900][  0]LogDerivedDataCache: Unable to find inner node Pak for hierarchical cache Hierarchy.
[2017.12.02-18.50.46:900][  0]LogDerivedDataCache: FDerivedDataBackendGraph:  CompressedPak pak cache file C:/Users/Tal/Documents/Unreal Projects/VrGame/DerivedDataCache/Compressed.ddp not found, will not use a pak cache.
[2017.12.02-18.50.46:900][  0]LogDerivedDataCache: Unable to find inner node CompressedPak for hierarchical cache Hierarchy.
[2017.12.02-18.50.46:956][  0]LogDerivedDataCache: Display: Pak cache opened for reading ../../../Engine/DerivedDataCache/Compressed.ddp.
[2017.12.02-18.50.46:971][  0]LogDerivedDataCache: Using Local data cache path C:/Users/Tal/AppData/Local/UnrealEngine/Common/DerivedDataCache: Writable
[2017.12.02-18.50.46:991][  0]LogMaterial: Verifying Global Shaders for PCD3D_SM5
[2017.12.02-18.50.46:992][  0]LogSlate: Using Freetype 2.6.0
[2017.12.02-18.50.46:993][  0]LogSlate: SlateFontCache - WITH_FREETYPE: 1, WITH_HARFBUZZ: 1
[2017.12.02-18.50.46:993][  0]LogSlate: SlateFontCache - WITH_FREETYPE: 1, WITH_HARFBUZZ: 1
[2017.12.02-18.50.47:588][  0]LogInit: Selected Device Profile: [Windows]
[2017.12.02-18.50.47:994][  0]LogSimplygon: Simplygon DLL not present - disabling.
[2017.12.02-18.50.48:050][  0]LogMeshReduction: Using SimplygonSwarm for distributed automatic mesh merging
[2017.12.02-18.50.48:051][  0]LogMeshReduction: Using QuadricMeshReduction for automatic static mesh reduction
[2017.12.02-18.50.48:051][  0]LogMeshReduction: No automatic skeletal mesh reduction module available
[2017.12.02-18.50.48:051][  0]LogMeshReduction: No automatic mesh merging module available
[2017.12.02-18.50.48:051][  0]LogMeshMerging: No automatic mesh merging module available
[2017.12.02-18.50.48:097][  0]LogNetVersion: VrGame , NetCL: 3709383, EngineNetVer: 2, GameNetVer: 0 (Checksum: 2529594527)
[2017.12.02-18.50.48:273][  0]LogAssetRegistry: FAssetRegistry took 0.0263 seconds to start up
[2017.12.02-18.50.48:888][  0]LogPackageLocalizationCache: Processed 7 localized package path(s) for 2 prioritized culture(s) in 0.091478 seconds
[2017.12.02-18.50.48:897][  0]LogUObjectArray: 35900 objects as part of root set at end of initial load.
[2017.12.02-18.50.48:897][  0]LogUObjectAllocator: 7372016 out of 0 bytes used by permanent object pool.
[2017.12.02-18.50.48:897][  0]LogUObjectArray: CloseDisregardForGC: 0/0 objects in disregard for GC pool
[2017.12.02-18.50.48:949][  0]LogInit: WinSock: version 1.1 (2.2), MaxSocks=32767, MaxUdp=65467
[2017.12.02-18.50.51:839][  0]LogTcpMessaging: Initializing TcpMessaging bridge
[2017.12.02-18.50.51:876][  0]LogUdpMessaging: Initializing bridge on interface 0.0.0.0:0 to multicast group 230.0.0.1:6666.
[2017.12.02-18.50.52:512][  0]LogMaterial: Uniform references updated for custom material expression Custom.
[2017.12.02-18.50.52:945][  0]SourceControl: Source control is disabled
[2017.12.02-18.50.52:945][  0]SourceControl: Source control is disabled
[2017.12.02-18.50.52:996][  0]SourceControl: Source control is disabled
[2017.12.02-18.50.53:048][  0]SourceControl: Source control is disabled
[2017.12.02-18.50.53:800][  0]LogAndroidPermission: UAndroidPermissionCallbackProxy::GetInstance
[2017.12.02-18.50.54:044][  0]LogOcInput: OculusInput pre-init called
[2017.12.02-18.50.54:327][  0]LogEngine: Initializing Engine...
[2017.12.02-18.50.59:721][  0]LogHMD: SteamVR initialized.  Driver: lighthouse  Display: LHR-0F0824F0
[2017.12.02-18.51.00:159][  0]LogStats: UGameplayTagsManager::ConstructGameplayTagTree: Construct from data asset -  0.000 s
[2017.12.02-18.51.00:159][  0]LogStats: UGameplayTagsManager::ConstructGameplayTagTree: GameplayTagTreeChangedEvent.Broadcast -  0.000 s
[2017.12.02-18.51.00:361][  0]LogAIModule: Creating AISystem for world Untitled
[2017.12.02-18.51.00:399][  0]LogInit: XAudio2 using 'Speakers (HTC Vive)' : 2 channels at 44.1 kHz using 16 bits per sample (channel mask 0x3)
[2017.12.02-18.51.00:420][  0]LogInit: FAudioDevice initialized.
[2017.12.02-18.51.00:581][  0]LogDerivedDataCache: Saved boot cache 0.16s 92MB C:/Users/Tal/AppData/Local/UnrealEngine/4.18/DerivedDataCache/Boot.ddc.
[2017.12.02-18.51.00:613][  0]LogInit: Texture streaming: Enabled
[2017.12.02-18.51.00:737][  0]LogEngineSessionManager: EngineSessionManager initialized
[2017.12.02-18.51.00:905][  0]LogInit: Transaction tracking system initialized
[2017.12.02-18.51.01:289][  0]BlueprintLog: New page: Editor Load
[2017.12.02-18.51.02:483][  0]LocalizationService: Localization service is disabled
[2017.12.02-18.51.03:198][  0]LogConsoleResponse: Display: 
[2017.12.02-18.51.03:401][  0]LogCook: Display: Max memory allowance for cook 16384mb min free memory 0mb
[2017.12.02-18.51.03:401][  0]LogCook: Display: Mobile HDR setting 1
[2017.12.02-18.51.03:401][  0]LogGameplayTags: Display: UGameplayTagsManager::DoneAddingNativeTags. DelegateIsBound: 0
[2017.12.02-18.51.04:107][  0]LogFileCache: Scanning file cache for directory 'C:/Users/Tal/Documents/Unreal Projects/VrGame/Content/' took 0.02s
[2017.12.02-18.51.04:420][  0]SourceControl: Source control is disabled
[2017.12.02-18.51.04:420][  0]Cmd: MAP LOAD FILE="C:/Users/Tal/Documents/Unreal Projects/VrGame/Content/VirtualRealityBP/Maps/StartupMap.umap" TEMPLATE=0 SHOWPROGRESS=1 FEATURELEVEL=3
[2017.12.02-18.51.04:421][  0]LightingResults: New page: Lighting Build
[2017.12.02-18.51.04:454][  0]MapCheck: New page: Map Check
[2017.12.02-18.51.04:454][  0]LightingResults: New page: Lighting Build
[2017.12.02-18.51.04:568][  0]LogAIModule: Creating AISystem for world StartupMap
[2017.12.02-18.51.04:578][  0]LogEditorServer: Finished looking for orphan Actors (0.000 secs)
[2017.12.02-18.51.04:594][  0]Cmd: MAP CHECKDEP NOCLEARLOG
[2017.12.02-18.51.04:635][  0]MapCheck: Map check complete: 0 Error(s), 0 Warning(s), took 39.884ms to complete.
[2017.12.02-18.51.04:635][  0]LogFileHelpers: Loading map 'StartupMap' took 0.214
[2017.12.02-18.51.04:833][  0]LogCollectionManager: Loaded 0 collections in 0.000724 seconds
[2017.12.02-18.51.04:921][  0]LogFileCache: Scanning file cache for directory 'C:/Users/Tal/Documents/Unreal Projects/VrGame/Saved/Collections/' took 0.01s
[2017.12.02-18.51.04:921][  0]LogFileCache: Scanning file cache for directory 'C:/Users/Tal/Documents/Unreal Projects/VrGame/Content/Developers/Tal/Collections/' took 0.01s
[2017.12.02-18.51.04:921][  0]LogFileCache: Scanning file cache for directory 'C:/Users/Tal/Documents/Unreal Projects/VrGame/Content/Collections/' took 0.01s
[2017.12.02-18.51.04:921][  0]LogCollectionManager: Rebuilt the GUID cache for 0 collections in 0.000001 seconds
[2017.12.02-18.51.04:929][  0]LogContentBrowser: Native class hierarchy populated in 0.0082 seconds. Added 2363 classes and 519 folders.
[2017.12.02-18.51.04:993][  0]LogContentBrowser: Native class hierarchy updated for 'WidgetCarousel' in 0.0002 seconds. Added 0 classes and 0 folders.
[2017.12.02-18.51.05:025][  0]LogContentBrowser: Native class hierarchy updated for 'AddContentDialog' in 0.0003 seconds. Added 0 classes and 0 folders.
[2017.12.02-18.51.05:073][  0]LogContentBrowser: Native class hierarchy updated for 'SceneOutliner' in 0.0010 seconds. Added 1 classes and 2 folders.
[2017.12.02-18.51.05:092][  0]LogSlate: Took 0.000188 seconds to synchronously load lazily loaded font '../../../Engine/Content/Slate/Fonts/Roboto-Regular.ttf' (155K)
[2017.12.02-18.51.05:094][  0]LogSlate: Took 0.000124 seconds to synchronously load lazily loaded font '../../../Engine/Content/Slate/Fonts/Roboto-Bold.ttf' (160K)
[2017.12.02-18.51.05:099][  0]LogSlate: Took 0.000272 seconds to synchronously load lazily loaded font '../../../Engine/Content/Editor/Slate/Fonts/FontAwesome.ttf' (139K)
[2017.12.02-18.51.05:214][  0]LogRenderer: Reallocating scene render targets to support 1208x576 Format 26 NumSamples 1 (Frame:1).
[2017.12.02-18.51.05:429][  0]LogContentBrowser: Native class hierarchy updated for 'HierarchicalLODOutliner' in 0.0003 seconds. Added 1 classes and 2 folders.
[2017.12.02-18.51.05:429][  0]LogLoad: (Engine Initialization) Total time: 27.01 seconds
[2017.12.02-18.51.05:429][  0]LogLoad: (Engine Initialization) Total Blueprint compile time: 0.00 seconds
[2017.12.02-18.51.05:429][  0]LogExternalProfiler: No external profilers were discovered.  External profiling features will not be available.
[2017.12.02-18.51.05:801][  0]LogContentStreaming: Texture pool size now 1000 MB
[2017.12.02-18.51.05:864][  0]LogSlate: Took 0.000376 seconds to synchronously load lazily loaded font '../../../Engine/Content/Slate/Fonts/Roboto-Light.ttf' (159K)
[2017.12.02-18.51.06:118][  1]LogAssetRegistry: Asset discovery search completed in 17.8672 seconds
[2017.12.02-18.51.06:120][  1]LogCollectionManager: Rebuilt the object cache for 0 collections in 0.000001 seconds (found 0 objects)
[2017.12.02-18.51.06:120][  1]LogCollectionManager: Fixed up redirectors for 0 collections in 0.000071 seconds (updated 0 objects)
[2017.12.02-18.52.06:130][410]LogTemp: Repeating last play command: VR Preview
[2017.12.02-18.52.06:359][410]LogPlayLevel: PlayLevel: No blueprints needed recompiling
[2017.12.02-18.52.06:359][410]PIE: New page: PIE session: StartupMap (Dec 2, 2017, 10:52:06 PM)
[2017.12.02-18.52.06:360][410]LogPlayLevel: Creating play world package: /Game/VirtualRealityBP/Maps/UEDPIE_0_StartupMap
[2017.12.02-18.52.06:366][410]LogPlayLevel: PIE: StaticDuplicateObject took: (0.006323s)
[2017.12.02-18.52.06:367][410]LogAIModule: Creating AISystem for world StartupMap
[2017.12.02-18.52.06:367][410]LogPlayLevel: PIE: World Init took: (0.000936s)
[2017.12.02-18.52.06:367][410]LogPlayLevel: PIE: Created PIE world by copying editor world from /Game/VirtualRealityBP/Maps/StartupMap.StartupMap to /Game/VirtualRealityBP/Maps/UEDPIE_0_StartupMap.StartupMap (0.007767s)
[2017.12.02-18.52.06:529][410]LogInit: XAudio2 using 'Speakers (HTC Vive)' : 2 channels at 44.1 kHz using 16 bits per sample (channel mask 0x3)
[2017.12.02-18.52.06:586][410]LogInit: FAudioDevice initialized.
[2017.12.02-18.52.07:583][410]LogHMD: SteamVR initialized.  Driver: lighthouse  Display: LHR-0F0824F0
[2017.12.02-18.52.07:640][410]LogUObjectGlobals: Warning: Failed to find object 'Class None.'
[2017.12.02-18.52.07:640][410]LogLoad: Game class is 'GameModeBase'
[2017.12.02-18.52.07:643][410]LogWorld: Bringing World /Game/VirtualRealityBP/Maps/UEDPIE_0_StartupMap.StartupMap up for play (max tick rate 0) at 2017.12.02-20.52.07
[2017.12.02-18.52.07:643][410]LogWorld: Bringing up level for play took: 0.001644
[2017.12.02-18.52.07:685][410]LogContentBrowser: Native class hierarchy updated for 'MovieSceneCapture' in 0.0002 seconds. Added 11 classes and 0 folders.
[2017.12.02-18.52.07:692][410]PIE: Play in editor start time for /Game/VirtualRealityBP/Maps/UEDPIE_0_StartupMap 0.438
[2017.12.02-18.52.07:737][411]LogRenderer: Reallocating scene render targets to support 1280x720 Format 26 NumSamples 1 (Frame:1).
[2017.12.02-18.52.18:483][181]LogTemp: Repeating last play command: VR Preview
[2017.12.02-18.52.18:510][181]LogPlayLevel: PlayLevel: No blueprints needed recompiling
[2017.12.02-18.52.18:511][181]PIE: New page: PIE session: StartupMap (Dec 2, 2017, 10:52:18 PM)
[2017.12.02-18.52.18:511][181]LogPlayLevel: Creating play world package: /Game/VirtualRealityBP/Maps/UEDPIE_0_StartupMap
[2017.12.02-18.52.18:520][181]LogPlayLevel: PIE: StaticDuplicateObject took: (0.009133s)
[2017.12.02-18.52.18:521][181]LogAIModule: Creating AISystem for world StartupMap
[2017.12.02-18.52.18:522][181]LogPlayLevel: PIE: World Init took: (0.001556s)
[2017.12.02-18.52.18:522][181]LogPlayLevel: PIE: Created PIE world by copying editor world from /Game/VirtualRealityBP/Maps/StartupMap.StartupMap to /Game/VirtualRealityBP/Maps/UEDPIE_0_StartupMap.StartupMap (0.011614s)
[2017.12.02-18.52.18:549][181]LogInit: XAudio2 using 'Speakers (HTC Vive)' : 2 channels at 44.1 kHz using 16 bits per sample (channel mask 0x3)
[2017.12.02-18.52.18:558][181]LogInit: FAudioDevice initialized.
[2017.12.02-18.52.19:228][181]LogHMD: SteamVR initialized.  Driver: lighthouse  Display: LHR-0F0824F0
[2017.12.02-18.52.19:277][181]LogUObjectGlobals: Warning: Failed to find object 'Class None.'
[2017.12.02-18.52.19:278][181]LogLoad: Game class is 'GameModeBase'
[2017.12.02-18.52.19:280][181]LogWorld: Bringing World /Game/VirtualRealityBP/Maps/UEDPIE_0_StartupMap.StartupMap up for play (max tick rate 0) at 2017.12.02-20.52.19
[2017.12.02-18.52.19:281][181]LogWorld: Bringing up level for play took: 0.002575
[2017.12.02-18.52.19:290][181]PIE: Play in editor start time for /Game/VirtualRealityBP/Maps/UEDPIE_0_StartupMap 0.037
[2017.12.02-18.52.19:335][182]LogRenderer: Reallocating scene render targets to support 2160x1200 Format 26 NumSamples 1 (Frame:1).
[2017.12.02-18.52.37:961][800]LogSlate: Took 0.000230 seconds to synchronously load lazily loaded font '../../../Engine/Content/Slate/Fonts/Roboto-Light.ttf' (159K)
[2017.12.02-18.52.38:666][800]LogAIModule: Creating AISystem for world MotionControllerMap
[2017.12.02-18.52.38:696][800]Cmd: MAP LOAD FILE="C:/Users/Tal/Documents/Unreal Projects/VrGame/Content/VirtualRealityBP/Maps/MotionControllerMap.umap" TEMPLATE=0 SHOWPROGRESS=1 FEATURELEVEL=3
[2017.12.02-18.52.38:696][800]LightingResults: New page: Lighting Build
[2017.12.02-18.52.38:697][800]LoadErrors: New page: Loading map: MotionControllerMap.umap
[2017.12.02-18.52.38:698][800]MapCheck: New page: Map Check
[2017.12.02-18.52.38:698][800]LightingResults: New page: Lighting Build
[2017.12.02-18.52.38:722][800]LogEditorServer: Finished looking for orphan Actors (0.000 secs)
[2017.12.02-18.52.38:790][800]Cmd: MAP CHECKDEP NOCLEARLOG
[2017.12.02-18.52.38:834][800]MapCheck: Map check complete: 0 Error(s), 0 Warning(s), took 44.529ms to complete.
[2017.12.02-18.52.38:834][800]LogFileHelpers: Loading map 'MotionControllerMap' took 0.140
[2017.12.02-18.52.44:200][330]LogTemp: Repeating last play command: VR Preview
[2017.12.02-18.52.44:216][330]LogBlueprintUserMessages: Early PlayInEditor Detection: Level '/Game/VirtualRealityBP/Maps/MotionControllerMap.MotionControllerMap:PersistentLevel' has LevelScriptBlueprint '/Game/VirtualRealityBP/Maps/MotionControllerMap.MotionControllerMap:PersistentLevel.MotionControllerMap' with GeneratedClass '/Game/VirtualRealityBP/Maps/MotionControllerMap.MotionControllerMap_C' with ClassGeneratedBy '/Game/VirtualRealityBP/Maps/MotionControllerMap.MotionControllerMap:PersistentLevel.MotionControllerMap'
[2017.12.02-18.52.44:216][330]LogPlayLevel: PlayLevel: No blueprints needed recompiling
[2017.12.02-18.52.44:216][330]PIE: New page: PIE session: MotionControllerMap (Dec 2, 2017, 10:52:44 PM)
[2017.12.02-18.52.44:216][330]LogPlayLevel: Creating play world package: /Game/VirtualRealityBP/Maps/UEDPIE_0_MotionControllerMap
[2017.12.02-18.52.44:227][330]LogPlayLevel: PIE: StaticDuplicateObject took: (0.010759s)
[2017.12.02-18.52.44:227][330]LogAIModule: Creating AISystem for world MotionControllerMap
[2017.12.02-18.52.44:228][330]LogPlayLevel: PIE: World Init took: (0.001032s)
[2017.12.02-18.52.44:228][330]LogPlayLevel: PIE: Created PIE world by copying editor world from /Game/VirtualRealityBP/Maps/MotionControllerMap.MotionControllerMap to /Game/VirtualRealityBP/Maps/UEDPIE_0_MotionControllerMap.MotionControllerMap (0.012235s)
[2017.12.02-18.52.44:253][330]LogInit: XAudio2 using 'Speakers (HTC Vive)' : 2 channels at 44.1 kHz using 16 bits per sample (channel mask 0x3)
[2017.12.02-18.52.44:271][330]LogInit: FAudioDevice initialized.
[2017.12.02-18.52.44:414][330]LogUObjectGlobals: Warning: Failed to find object 'Class None.'
[2017.12.02-18.52.44:414][330]LogLoad: Game class is 'GameModeBase'
[2017.12.02-18.52.44:417][330]LogWorld: Bringing World /Game/VirtualRealityBP/Maps/UEDPIE_0_MotionControllerMap.MotionControllerMap up for play (max tick rate 0) at 2017.12.02-20.52.44
[2017.12.02-18.52.44:417][330]LogWorld: Bringing up level for play took: 0.002440
[2017.12.02-18.52.44:430][330]PIE: Play in editor start time for /Game/VirtualRealityBP/Maps/UEDPIE_0_MotionControllerMap 1.177
[2017.12.02-18.52.44:431][330]LogBlueprintUserMessages: Late PlayInEditor Detection: Level '/Game/VirtualRealityBP/Maps/MotionControllerMap.MotionControllerMap:PersistentLevel' has LevelScriptBlueprint '/Game/VirtualRealityBP/Maps/MotionControllerMap.MotionControllerMap:PersistentLevel.MotionControllerMap' with GeneratedClass '/Game/VirtualRealityBP/Maps/MotionControllerMap.MotionControllerMap_C' with ClassGeneratedBy '/Game/VirtualRealityBP/Maps/MotionControllerMap.MotionControllerMap:PersistentLevel.MotionControllerMap'
[2017.12.02-18.53.03:876][ 40]LogBlueprintUserMessages: Early EndPlayMap Detection: Level '/Game/VirtualRealityBP/Maps/MotionControllerMap.MotionControllerMap:PersistentLevel' has LevelScriptBlueprint '/Game/VirtualRealityBP/Maps/MotionControllerMap.MotionControllerMap:PersistentLevel.MotionControllerMap' with GeneratedClass '/Game/VirtualRealityBP/Maps/MotionControllerMap.MotionControllerMap_C' with ClassGeneratedBy '/Game/VirtualRealityBP/Maps/MotionControllerMap.MotionControllerMap:PersistentLevel.MotionControllerMap'
[2017.12.02-18.53.04:050][ 40]LogBlueprintUserMessages: Late EndPlayMap Detection: Level '/Game/VirtualRealityBP/Maps/MotionControllerMap.MotionControllerMap:PersistentLevel' has LevelScriptBlueprint '/Game/VirtualRealityBP/Maps/MotionControllerMap.MotionControllerMap:PersistentLevel.MotionControllerMap' with GeneratedClass '/Game/VirtualRealityBP/Maps/MotionControllerMap.MotionControllerMap_C' with ClassGeneratedBy '/Game/VirtualRealityBP/Maps/MotionControllerMap.MotionControllerMap:PersistentLevel.MotionControllerMap'
[2017.12.02-18.53.06:068][250]LogTemp: Repeating last play command: VR Preview
[2017.12.02-18.53.06:087][250]LogBlueprintUserMessages: Early PlayInEditor Detection: Level '/Game/VirtualRealityBP/Maps/MotionControllerMap.MotionControllerMap:PersistentLevel' has LevelScriptBlueprint '/Game/VirtualRealityBP/Maps/MotionControllerMap.MotionControllerMap:PersistentLevel.MotionControllerMap' with GeneratedClass '/Game/VirtualRealityBP/Maps/MotionControllerMap.MotionControllerMap_C' with ClassGeneratedBy '/Game/VirtualRealityBP/Maps/MotionControllerMap.MotionControllerMap:PersistentLevel.MotionControllerMap'
[2017.12.02-18.53.06:087][250]LogPlayLevel: PlayLevel: No blueprints needed recompiling
[2017.12.02-18.53.06:087][250]PIE: New page: PIE session: MotionControllerMap (Dec 2, 2017, 10:53:06 PM)
[2017.12.02-18.53.06:087][250]LogPlayLevel: Creating play world package: /Game/VirtualRealityBP/Maps/UEDPIE_0_MotionControllerMap
[2017.12.02-18.53.06:096][250]LogPlayLevel: PIE: StaticDuplicateObject took: (0.008449s)
[2017.12.02-18.53.06:096][250]LogAIModule: Creating AISystem for world MotionControllerMap
[2017.12.02-18.53.06:097][250]LogPlayLevel: PIE: World Init took: (0.000873s)
[2017.12.02-18.53.06:097][250]LogPlayLevel: PIE: Created PIE world by copying editor world from /Game/VirtualRealityBP/Maps/MotionControllerMap.MotionControllerMap to /Game/VirtualRealityBP/Maps/UEDPIE_0_MotionControllerMap.MotionControllerMap (0.009783s)
[2017.12.02-18.53.06:129][250]LogInit: XAudio2 using 'Speakers (HTC Vive)' : 2 channels at 44.1 kHz using 16 bits per sample (channel mask 0x3)
[2017.12.02-18.53.06:143][250]LogInit: FAudioDevice initialized.
[2017.12.02-18.53.06:292][250]LogUObjectGlobals: Warning: Failed to find object 'Class None.'
[2017.12.02-18.53.06:292][250]LogLoad: Game class is 'GameModeBase'
[2017.12.02-18.53.06:294][250]LogWorld: Bringing World /Game/VirtualRealityBP/Maps/UEDPIE_0_MotionControllerMap.MotionControllerMap up for play (max tick rate 0) at 2017.12.02-20.53.06
[2017.12.02-18.53.06:295][250]LogWorld: Bringing up level for play took: 0.001961
[2017.12.02-18.53.06:303][250]PIE: Play in editor start time for /Game/VirtualRealityBP/Maps/UEDPIE_0_MotionControllerMap 1.05
[2017.12.02-18.53.06:304][250]LogBlueprintUserMessages: Late PlayInEditor Detection: Level '/Game/VirtualRealityBP/Maps/MotionControllerMap.MotionControllerMap:PersistentLevel' has LevelScriptBlueprint '/Game/VirtualRealityBP/Maps/MotionControllerMap.MotionControllerMap:PersistentLevel.MotionControllerMap' with GeneratedClass '/Game/VirtualRealityBP/Maps/MotionControllerMap.MotionControllerMap_C' with ClassGeneratedBy '/Game/VirtualRealityBP/Maps/MotionControllerMap.MotionControllerMap:PersistentLevel.MotionControllerMap'
[2017.12.02-18.53.22:173][654]LogBlueprintUserMessages: Early EndPlayMap Detection: Level '/Game/VirtualRealityBP/Maps/MotionControllerMap.MotionControllerMap:PersistentLevel' has LevelScriptBlueprint '/Game/VirtualRealityBP/Maps/MotionControllerMap.MotionControllerMap:PersistentLevel.MotionControllerMap' with GeneratedClass '/Game/VirtualRealityBP/Maps/MotionControllerMap.MotionControllerMap_C' with ClassGeneratedBy '/Game/VirtualRealityBP/Maps/MotionControllerMap.MotionControllerMap:PersistentLevel.MotionControllerMap'
[2017.12.02-18.53.22:339][654]LogBlueprintUserMessages: Late EndPlayMap Detection: Level '/Game/VirtualRealityBP/Maps/MotionControllerMap.MotionControllerMap:PersistentLevel' has LevelScriptBlueprint '/Game/VirtualRealityBP/Maps/MotionControllerMap.MotionControllerMap:PersistentLevel.MotionControllerMap' with GeneratedClass '/Game/VirtualRealityBP/Maps/MotionControllerMap.MotionControllerMap_C' with ClassGeneratedBy '/Game/VirtualRealityBP/Maps/MotionControllerMap.MotionControllerMap:PersistentLevel.MotionControllerMap'
[2017.12.02-18.53.28:978][367]LogEditorViewport: Clicking on Actor (LMB): MotionControllerPawn_C (VRPawn)
[2017.12.02-18.53.34:494][862]Cmd: EDIT COPY
[2017.12.02-18.53.37:659][111]LogAIModule: Creating AISystem for world HMDLocomotionMap
[2017.12.02-18.53.37:690][111]Cmd: MAP LOAD FILE="C:/Users/Tal/Documents/Unreal Projects/VrGame/Content/VirtualRealityBP/Maps/HMDLocomotionMap.umap" TEMPLATE=0 SHOWPROGRESS=1 FEATURELEVEL=3
[2017.12.02-18.53.37:691][111]LightingResults: New page: Lighting Build
[2017.12.02-18.53.37:692][111]LoadErrors: New page: Loading map: HMDLocomotionMap.umap
[2017.12.02-18.53.37:739][111]MapCheck: New page: Map Check
[2017.12.02-18.53.37:739][111]LightingResults: New page: Lighting Build
[2017.12.02-18.53.37:761][111]LogEditorServer: Finished looking for orphan Actors (0.000 secs)
[2017.12.02-18.53.37:809][111]Cmd: MAP CHECKDEP NOCLEARLOG
[2017.12.02-18.53.37:859][111]MapCheck: Map check complete: 0 Error(s), 0 Warning(s), took 49.919ms to complete.
[2017.12.02-18.53.37:859][111]LogFileHelpers: Loading map 'HMDLocomotionMap' took 0.171
[2017.12.02-18.53.44:392][797]LogTemp: Repeating last play command: VR Preview
[2017.12.02-18.53.44:409][797]LogBlueprintUserMessages: Early PlayInEditor Detection: Level '/Game/VirtualRealityBP/Maps/HMDLocomotionMap.HMDLocomotionMap:PersistentLevel' has LevelScriptBlueprint '/Game/VirtualRealityBP/Maps/HMDLocomotionMap.HMDLocomotionMap:PersistentLevel.HMDLocomotionMap' with GeneratedClass '/Game/VirtualRealityBP/Maps/HMDLocomotionMap.HMDLocomotionMap_C' with ClassGeneratedBy '/Game/VirtualRealityBP/Maps/HMDLocomotionMap.HMDLocomotionMap:PersistentLevel.HMDLocomotionMap'
[2017.12.02-18.53.44:409][797]LogPlayLevel: PlayLevel: No blueprints needed recompiling
[2017.12.02-18.53.44:410][797]PIE: New page: PIE session: HMDLocomotionMap (Dec 2, 2017, 10:53:44 PM)
[2017.12.02-18.53.44:410][797]LogPlayLevel: Creating play world package: /Game/VirtualRealityBP/Maps/UEDPIE_0_HMDLocomotionMap
[2017.12.02-18.53.44:418][797]LogPlayLevel: PIE: StaticDuplicateObject took: (0.008557s)
[2017.12.02-18.53.44:419][797]LogAIModule: Creating AISystem for world HMDLocomotionMap
[2017.12.02-18.53.44:419][797]LogPlayLevel: PIE: World Init took: (0.000850s)
[2017.12.02-18.53.44:419][797]LogPlayLevel: PIE: Created PIE world by copying editor world from /Game/VirtualRealityBP/Maps/HMDLocomotionMap.HMDLocomotionMap to /Game/VirtualRealityBP/Maps/UEDPIE_0_HMDLocomotionMap.HMDLocomotionMap (0.009746s)
[2017.12.02-18.53.44:440][797]LogInit: XAudio2 using 'Speakers (HTC Vive)' : 2 channels at 44.1 kHz using 16 bits per sample (channel mask 0x3)
[2017.12.02-18.53.44:448][797]LogInit: FAudioDevice initialized.
[2017.12.02-18.53.44:585][797]LogUObjectGlobals: Warning: Failed to find object 'Class None.'
[2017.12.02-18.53.44:585][797]LogLoad: Game class is 'GameModeBase'
[2017.12.02-18.53.44:588][797]LogWorld: Bringing World /Game/VirtualRealityBP/Maps/UEDPIE_0_HMDLocomotionMap.HMDLocomotionMap up for play (max tick rate 0) at 2017.12.02-20.53.44
[2017.12.02-18.53.44:588][797]LogWorld: Bringing up level for play took: 0.002686
[2017.12.02-18.53.44:612][797]PIE: Play in editor start time for /Game/VirtualRealityBP/Maps/UEDPIE_0_HMDLocomotionMap -0.641
[2017.12.02-18.53.44:612][797]LogBlueprintUserMessages: Late PlayInEditor Detection: Level '/Game/VirtualRealityBP/Maps/HMDLocomotionMap.HMDLocomotionMap:PersistentLevel' has LevelScriptBlueprint '/Game/VirtualRealityBP/Maps/HMDLocomotionMap.HMDLocomotionMap:PersistentLevel.HMDLocomotionMap' with GeneratedClass '/Game/VirtualRealityBP/Maps/HMDLocomotionMap.HMDLocomotionMap_C' with ClassGeneratedBy '/Game/VirtualRealityBP/Maps/HMDLocomotionMap.HMDLocomotionMap:PersistentLevel.HMDLocomotionMap'
[2017.12.02-18.53.53:357][570]LogBlueprintUserMessages: Early EndPlayMap Detection: Level '/Game/VirtualRealityBP/Maps/HMDLocomotionMap.HMDLocomotionMap:PersistentLevel' has LevelScriptBlueprint '/Game/VirtualRealityBP/Maps/HMDLocomotionMap.HMDLocomotionMap:PersistentLevel.HMDLocomotionMap' with GeneratedClass '/Game/VirtualRealityBP/Maps/HMDLocomotionMap.HMDLocomotionMap_C' with ClassGeneratedBy '/Game/VirtualRealityBP/Maps/HMDLocomotionMap.HMDLocomotionMap:PersistentLevel.HMDLocomotionMap'
[2017.12.02-18.53.53:531][570]LogBlueprintUserMessages: Late EndPlayMap Detection: Level '/Game/VirtualRealityBP/Maps/HMDLocomotionMap.HMDLocomotionMap:PersistentLevel' has LevelScriptBlueprint '/Game/VirtualRealityBP/Maps/HMDLocomotionMap.HMDLocomotionMap:PersistentLevel.HMDLocomotionMap' with GeneratedClass '/Game/VirtualRealityBP/Maps/HMDLocomotionMap.HMDLocomotionMap_C' with ClassGeneratedBy '/Game/VirtualRealityBP/Maps/HMDLocomotionMap.HMDLocomotionMap:PersistentLevel.HMDLocomotionMap'
[2017.12.02-18.53.56:189][844]LogTemp: Repeating last play command: VR Preview
[2017.12.02-18.53.56:204][844]LogBlueprintUserMessages: Early PlayInEditor Detection: Level '/Game/VirtualRealityBP/Maps/HMDLocomotionMap.HMDLocomotionMap:PersistentLevel' has LevelScriptBlueprint '/Game/VirtualRealityBP/Maps/HMDLocomotionMap.HMDLocomotionMap:PersistentLevel.HMDLocomotionMap' with GeneratedClass '/Game/VirtualRealityBP/Maps/HMDLocomotionMap.HMDLocomotionMap_C' with ClassGeneratedBy '/Game/VirtualRealityBP/Maps/HMDLocomotionMap.HMDLocomotionMap:PersistentLevel.HMDLocomotionMap'
[2017.12.02-18.53.56:204][844]LogPlayLevel: PlayLevel: No blueprints needed recompiling
[2017.12.02-18.53.56:204][844]PIE: New page: PIE session: HMDLocomotionMap (Dec 2, 2017, 10:53:56 PM)
[2017.12.02-18.53.56:204][844]LogPlayLevel: Creating play world package: /Game/VirtualRealityBP/Maps/UEDPIE_0_HMDLocomotionMap
[2017.12.02-18.53.56:213][844]LogPlayLevel: PIE: StaticDuplicateObject took: (0.008781s)
[2017.12.02-18.53.56:214][844]LogAIModule: Creating AISystem for world HMDLocomotionMap
[2017.12.02-18.53.56:214][844]LogPlayLevel: PIE: World Init took: (0.001077s)
[2017.12.02-18.53.56:215][844]LogPlayLevel: PIE: Created PIE world by copying editor world from /Game/VirtualRealityBP/Maps/HMDLocomotionMap.HMDLocomotionMap to /Game/VirtualRealityBP/Maps/UEDPIE_0_HMDLocomotionMap.HMDLocomotionMap (0.010332s)
[2017.12.02-18.53.56:239][844]LogInit: XAudio2 using 'Speakers (HTC Vive)' : 2 channels at 44.1 kHz using 16 bits per sample (channel mask 0x3)
[2017.12.02-18.53.56:250][844]LogInit: FAudioDevice initialized.
[2017.12.02-18.53.56:392][844]LogUObjectGlobals: Warning: Failed to find object 'Class None.'
[2017.12.02-18.53.56:392][844]LogLoad: Game class is 'GameModeBase'
[2017.12.02-18.53.56:394][844]LogWorld: Bringing World /Game/VirtualRealityBP/Maps/UEDPIE_0_HMDLocomotionMap.HMDLocomotionMap up for play (max tick rate 0) at 2017.12.02-20.53.56
[2017.12.02-18.53.56:394][844]LogWorld: Bringing up level for play took: 0.001965
[2017.12.02-18.53.56:402][844]PIE: Play in editor start time for /Game/VirtualRealityBP/Maps/UEDPIE_0_HMDLocomotionMap 1.149
[2017.12.02-18.53.56:403][844]LogBlueprintUserMessages: Late PlayInEditor Detection: Level '/Game/VirtualRealityBP/Maps/HMDLocomotionMap.HMDLocomotionMap:PersistentLevel' has LevelScriptBlueprint '/Game/VirtualRealityBP/Maps/HMDLocomotionMap.HMDLocomotionMap:PersistentLevel.HMDLocomotionMap' with GeneratedClass '/Game/VirtualRealityBP/Maps/HMDLocomotionMap.HMDLocomotionMap_C' with ClassGeneratedBy '/Game/VirtualRealityBP/Maps/HMDLocomotionMap.HMDLocomotionMap:PersistentLevel.HMDLocomotionMap'
[2017.12.02-18.53.59:925][153]LogBlueprintUserMessages: Early EndPlayMap Detection: Level '/Game/VirtualRealityBP/Maps/HMDLocomotionMap.HMDLocomotionMap:PersistentLevel' has LevelScriptBlueprint '/Game/VirtualRealityBP/Maps/HMDLocomotionMap.HMDLocomotionMap:PersistentLevel.HMDLocomotionMap' with GeneratedClass '/Game/VirtualRealityBP/Maps/HMDLocomotionMap.HMDLocomotionMap_C' with ClassGeneratedBy '/Game/VirtualRealityBP/Maps/HMDLocomotionMap.HMDLocomotionMap:PersistentLevel.HMDLocomotionMap'
[2017.12.02-18.54.00:117][153]LogBlueprintUserMessages: Late EndPlayMap Detection: Level '/Game/VirtualRealityBP/Maps/HMDLocomotionMap.HMDLocomotionMap:PersistentLevel' has LevelScriptBlueprint '/Game/VirtualRealityBP/Maps/HMDLocomotionMap.HMDLocomotionMap:PersistentLevel.HMDLocomotionMap' with GeneratedClass '/Game/VirtualRealityBP/Maps/HMDLocomotionMap.HMDLocomotionMap_C' with ClassGeneratedBy '/Game/VirtualRealityBP/Maps/HMDLocomotionMap.HMDLocomotionMap:PersistentLevel.HMDLocomotionMap'
[2017.12.02-18.54.01:952][339]LogAIModule: Creating AISystem for world StartupMap
[2017.12.02-18.54.01:969][339]Cmd: MAP LOAD FILE="C:/Users/Tal/Documents/Unreal Projects/VrGame/Content/VirtualRealityBP/Maps/StartupMap.umap" TEMPLATE=0 SHOWPROGRESS=1 FEATURELEVEL=3
[2017.12.02-18.54.01:969][339]LightingResults: New page: Lighting Build
[2017.12.02-18.54.01:970][339]LoadErrors: New page: Loading map: StartupMap.umap
[2017.12.02-18.54.01:971][339]MapCheck: New page: Map Check
[2017.12.02-18.54.01:971][339]LightingResults: New page: Lighting Build
[2017.12.02-18.54.01:994][339]LogEditorServer: Finished looking for orphan Actors (0.000 secs)
[2017.12.02-18.54.02:036][339]Cmd: MAP CHECKDEP NOCLEARLOG
[2017.12.02-18.54.02:086][339]MapCheck: Map check complete: 0 Error(s), 0 Warning(s), took 49.245ms to complete.
[2017.12.02-18.54.02:086][339]LogFileHelpers: Loading map 'StartupMap' took 0.119
[2017.12.02-18.54.04:566][592]LogUObjectGlobals: Warning: Failed to find object 'Object /Game/VirtualRealityBP/Maps/HMDLocomotionMap_BuiltData.HMDLocomotionMap_BuiltData'
[2017.12.02-18.54.18:228][866]LogAIModule: Creating AISystem for world MotionControllerMap
[2017.12.02-18.54.18:243][866]Cmd: MAP LOAD FILE="C:/Users/Tal/Documents/Unreal Projects/VrGame/Content/VirtualRealityBP/Maps/MotionControllerMap.umap" TEMPLATE=0 SHOWPROGRESS=1 FEATURELEVEL=3
[2017.12.02-18.54.18:243][866]LightingResults: New page: Lighting Build
[2017.12.02-18.54.18:244][866]LoadErrors: New page: Loading map: MotionControllerMap.umap
[2017.12.02-18.54.18:245][866]MapCheck: New page: Map Check
[2017.12.02-18.54.18:245][866]LightingResults: New page: Lighting Build
[2017.12.02-18.54.18:268][866]LogEditorServer: Finished looking for orphan Actors (0.000 secs)
[2017.12.02-18.54.18:321][866]Cmd: MAP CHECKDEP NOCLEARLOG
[2017.12.02-18.54.18:373][866]MapCheck: Map check complete: 0 Error(s), 0 Warning(s), took 51.217ms to complete.
[2017.12.02-18.54.18:373][866]LogFileHelpers: Loading map 'MotionControllerMap' took 0.131
[2017.12.02-18.54.22:193][251]LogTemp: Repeating last play command: VR Preview
[2017.12.02-18.54.22:209][251]LogBlueprintUserMessages: Early PlayInEditor Detection: Level '/Game/VirtualRealityBP/Maps/MotionControllerMap.MotionControllerMap:PersistentLevel' has LevelScriptBlueprint '/Game/VirtualRealityBP/Maps/MotionControllerMap.MotionControllerMap:PersistentLevel.MotionControllerMap' with GeneratedClass '/Game/VirtualRealityBP/Maps/MotionControllerMap.MotionControllerMap_C' with ClassGeneratedBy '/Game/VirtualRealityBP/Maps/MotionControllerMap.MotionControllerMap:PersistentLevel.MotionControllerMap'
[2017.12.02-18.54.22:209][251]LogPlayLevel: PlayLevel: No blueprints needed recompiling
[2017.12.02-18.54.22:209][251]PIE: New page: PIE session: MotionControllerMap (Dec 2, 2017, 10:54:22 PM)
[2017.12.02-18.54.22:209][251]LogPlayLevel: Creating play world package: /Game/VirtualRealityBP/Maps/UEDPIE_0_MotionControllerMap
[2017.12.02-18.54.22:218][251]LogPlayLevel: PIE: StaticDuplicateObject took: (0.008938s)
[2017.12.02-18.54.22:218][251]LogAIModule: Creating AISystem for world MotionControllerMap
[2017.12.02-18.54.22:219][251]LogPlayLevel: PIE: World Init took: (0.000721s)
[2017.12.02-18.54.22:219][251]LogPlayLevel: PIE: Created PIE world by copying editor world from /Game/VirtualRealityBP/Maps/MotionControllerMap.MotionControllerMap to /Game/VirtualRealityBP/Maps/UEDPIE_0_MotionControllerMap.MotionControllerMap (0.009907s)
[2017.12.02-18.54.22:233][251]LogInit: XAudio2 using 'Speakers (HTC Vive)' : 2 channels at 44.1 kHz using 16 bits per sample (channel mask 0x3)
[2017.12.02-18.54.22:240][251]LogInit: FAudioDevice initialized.
[2017.12.02-18.54.22:374][251]LogUObjectGlobals: Warning: Failed to find object 'Class None.'
[2017.12.02-18.54.22:375][251]LogLoad: Game class is 'GameModeBase'
[2017.12.02-18.54.22:379][251]LogWorld: Bringing World /Game/VirtualRealityBP/Maps/UEDPIE_0_MotionControllerMap.MotionControllerMap up for play (max tick rate 0) at 2017.12.02-20.54.22
[2017.12.02-18.54.22:379][251]LogWorld: Bringing up level for play took: 0.003470
[2017.12.02-18.54.22:398][251]PIE: Play in editor start time for /Game/VirtualRealityBP/Maps/UEDPIE_0_MotionControllerMap 1.145
[2017.12.02-18.54.22:399][251]LogBlueprintUserMessages: Late PlayInEditor Detection: Level '/Game/VirtualRealityBP/Maps/MotionControllerMap.MotionControllerMap:PersistentLevel' has LevelScriptBlueprint '/Game/VirtualRealityBP/Maps/MotionControllerMap.MotionControllerMap:PersistentLevel.MotionControllerMap' with GeneratedClass '/Game/VirtualRealityBP/Maps/MotionControllerMap.MotionControllerMap_C' with ClassGeneratedBy '/Game/VirtualRealityBP/Maps/MotionControllerMap.MotionControllerMap:PersistentLevel.MotionControllerMap'
[2017.12.02-18.54.34:239][254]LogBlueprintUserMessages: Early EndPlayMap Detection: Level '/Game/VirtualRealityBP/Maps/MotionControllerMap.MotionControllerMap:PersistentLevel' has LevelScriptBlueprint '/Game/VirtualRealityBP/Maps/MotionControllerMap.MotionControllerMap:PersistentLevel.MotionControllerMap' with GeneratedClass '/Game/VirtualRealityBP/Maps/MotionControllerMap.MotionControllerMap_C' with ClassGeneratedBy '/Game/VirtualRealityBP/Maps/MotionControllerMap.MotionControllerMap:PersistentLevel.MotionControllerMap'
[2017.12.02-18.54.34:441][254]LogBlueprintUserMessages: Late EndPlayMap Detection: Level '/Game/VirtualRealityBP/Maps/MotionControllerMap.MotionControllerMap:PersistentLevel' has LevelScriptBlueprint '/Game/VirtualRealityBP/Maps/MotionControllerMap.MotionControllerMap:PersistentLevel.MotionControllerMap' with GeneratedClass '/Game/VirtualRealityBP/Maps/MotionControllerMap.MotionControllerMap_C' with ClassGeneratedBy '/Game/VirtualRealityBP/Maps/MotionControllerMap.MotionControllerMap:PersistentLevel.MotionControllerMap'
[2017.12.02-18.55.00:509][793]LogEditorViewport: Clicking on Actor (LMB): MotionControllerPawn_C (VRPawn)
[2017.12.02-18.55.01:539][873]Cmd: EDIT COPY
[2017.12.02-18.55.04:736][ 60]LogMaterial: Uniform references updated for custom material expression Custom.
[2017.12.02-18.55.05:035][ 60]LogSlate: Took 0.000241 seconds to synchronously load lazily loaded font '../../../Engine/Content/Slate/Fonts/Roboto-Regular.ttf' (155K)
[2017.12.02-18.55.06:794][ 60]LogAIModule: Creating AISystem for world Demostration
[2017.12.02-18.55.06:882][ 60]Cmd: MAP LOAD FILE="C:/Users/Tal/Documents/Unreal Projects/VrGame/Content/Levels/Demostration.umap" TEMPLATE=0 SHOWPROGRESS=1 FEATURELEVEL=3
[2017.12.02-18.55.06:882][ 60]LightingResults: New page: Lighting Build
[2017.12.02-18.55.06:883][ 60]LoadErrors: New page: Loading map: Demostration.umap
[2017.12.02-18.55.06:912][ 60]MapCheck: New page: Map Check
[2017.12.02-18.55.06:912][ 60]LightingResults: New page: Lighting Build
[2017.12.02-18.55.06:974][ 60]LogEditorServer: Finished looking for orphan Actors (0.000 secs)
[2017.12.02-18.55.06:989][ 60]MapCheck: Repaired painted vertex colors in 0.0s for 14 components in /Game/Levels/Demostration.  Resave map to fix. 
[2017.12.02-18.55.06:989][ 60]MapCheck: Warning: Spent 0.0s repairing painted vertex colors due to static mesh re-imports!  This will happen every load until the maps are resaved. 
[2017.12.02-18.55.07:025][ 60]Cmd: MAP CHECKDEP NOCLEARLOG
[2017.12.02-18.55.07:098][ 60]MapCheck: Map check complete: 0 Error(s), 1 Warning(s), took 72.069ms to complete.
[2017.12.02-18.55.07:144][ 60]LogFileHelpers: Loading map 'Demostration' took 0.264
[2017.12.02-18.55.12:934][525]Cmd: EDIT PASTE
[2017.12.02-18.55.39:632][948]LogTemp: Repeating last play command: VR Preview
[2017.12.02-18.55.39:652][948]LogPlayLevel: PlayLevel: No blueprints needed recompiling
[2017.12.02-18.55.39:652][948]PIE: New page: PIE session: Demostration (Dec 2, 2017, 10:55:39 PM)
[2017.12.02-18.55.39:653][948]LogPlayLevel: Creating play world package: /Game/Levels/UEDPIE_0_Demostration
[2017.12.02-18.55.39:709][948]LogPlayLevel: PIE: StaticDuplicateObject took: (0.056266s)
[2017.12.02-18.55.39:709][948]LogAIModule: Creating AISystem for world Demostration
[2017.12.02-18.55.39:710][948]LogPlayLevel: PIE: World Init took: (0.000866s)
[2017.12.02-18.55.39:710][948]LogPlayLevel: PIE: Created PIE world by copying editor world from /Game/Levels/Demostration.Demostration to /Game/Levels/UEDPIE_0_Demostration.Demostration (0.057800s)
[2017.12.02-18.55.39:773][948]LogInit: XAudio2 using 'Speakers (HTC Vive)' : 2 channels at 44.1 kHz using 16 bits per sample (channel mask 0x3)
[2017.12.02-18.55.39:783][948]LogInit: FAudioDevice initialized.
[2017.12.02-18.55.39:918][948]LogUObjectGlobals: Warning: Failed to find object 'Class None.'
[2017.12.02-18.55.39:918][948]LogLoad: Game class is 'GameModeBase'
[2017.12.02-18.55.39:933][948]LogWorld: Bringing World /Game/Levels/UEDPIE_0_Demostration.Demostration up for play (max tick rate 0) at 2017.12.02-20.55.39
[2017.12.02-18.55.39:936][948]LogWorld: Bringing up level for play took: 0.017859
[2017.12.02-18.55.39:973][948]PIE: Play in editor start time for /Game/Levels/UEDPIE_0_Demostration 0.72
[2017.12.02-18.56.11:116][401]Cmd: QUIT_EDITOR
[2017.12.02-18.56.11:716][401]LogWindowsTextInputMethodSystem: Display: IME system now deactivated.
[2017.12.02-18.56.11:727][401]LogExit: Preparing to exit.
[2017.12.02-18.56.12:049][401]LogExit: Editor shut down
[2017.12.02-18.56.12:053][401]LogExit: Transaction tracking system shut down
[2017.12.02-18.56.12:319][401]LogDirectoryWatcher: A directory notification for '../../../Engine/Content/' was aborted.
[2017.12.02-18.56.12:319][401]LogDirectoryWatcher: A directory notification for 'C:/Users/Tal/Documents/Unreal Projects/VrGame/Content/' was aborted.
[2017.12.02-18.56.12:319][401]LogDirectoryWatcher: A directory notification for '../../../Engine/Plugins/2D/Paper2D/Content/' was aborted.
[2017.12.02-18.56.12:319][401]LogDirectoryWatcher: A directory notification for '../../../Engine/Plugins/Media/MediaCompositing/Content/' was aborted.
[2017.12.02-18.56.12:319][401]LogDirectoryWatcher: A directory notification for '../../../Engine/Plugins/Runtime/AppleARKit/Content/' was aborted.
[2017.12.02-18.56.12:319][401]LogDirectoryWatcher: A directory notification for '../../../Engine/Plugins/Runtime/Oculus/OculusVR/Content/' was aborted.
[2017.12.02-18.56.12:319][401]LogDirectoryWatcher: A directory notification for '../../../Engine/Plugins/Runtime/Steam/SteamVR/Content/' was aborted.
[2017.12.02-18.56.12:367][401]LogExit: Object subsystem successfully closed.
[2017.12.02-18.56.12:398][401]LogD3D11RHI: Shutdown
[2017.12.02-18.56.12:398][401]LogD3D11RHI: CleanupD3DDevice
[2017.12.02-18.56.12:405][401]LogD3D11RHI: ~FD3D11DynamicRHI
[2017.12.02-18.56.12:414][401]LogModuleManager: Shutting down and abandoning module MovieSceneCapture (550)
[2017.12.02-18.56.12:414][401]LogModuleManager: Shutting down and abandoning module HierarchicalLODOutliner (548)
[2017.12.02-18.56.12:414][401]LogModuleManager: Shutting down and abandoning module SceneOutliner (546)
[2017.12.02-18.56.12:414][401]LogModuleManager: Shutting down and abandoning module AddContentDialog (544)
[2017.12.02-18.56.12:414][401]LogDirectoryWatcher: A directory notification for 'D:/Unreal Program/1/UE_4.18/FeaturePacks/' was aborted.
[2017.12.02-18.56.12:415][401]LogModuleManager: Shutting down and abandoning module WidgetCarousel (543)
[2017.12.02-18.56.12:415][401]LogModuleManager: Shutting down and abandoning module EditorWidgets (540)
[2017.12.02-18.56.12:415][401]LogModuleManager: Shutting down and abandoning module CollectionManager (538)
[2017.12.02-18.56.12:415][401]LogDirectoryWatcher: A directory notification for 'C:/Users/Tal/Documents/Unreal Projects/VrGame/Content/Collections/' was aborted.
[2017.12.02-18.56.12:415][401]LogDirectoryWatcher: A directory notification for 'C:/Users/Tal/Documents/Unreal Projects/VrGame/Content/Developers/Tal/Collections/' was aborted.
[2017.12.02-18.56.12:415][401]LogDirectoryWatcher: A directory notification for 'C:/Users/Tal/Documents/Unreal Projects/VrGame/Saved/Collections/' was aborted.
[2017.12.02-18.56.12:415][401]LogModuleManager: Shutting down and abandoning module StatsViewer (536)
[2017.12.02-18.56.12:415][401]LogModuleManager: Shutting down and abandoning module FoliageEdit (534)
[2017.12.02-18.56.12:415][401]LogModuleManager: Shutting down and abandoning module LandscapeEditor (532)
[2017.12.02-18.56.12:415][401]LogModuleManager: Shutting down and abandoning module MeshPaintMode (530)
[2017.12.02-18.56.12:415][401]LogModuleManager: Shutting down and abandoning module SceneDepthPickerMode (528)
[2017.12.02-18.56.12:415][401]LogModuleManager: Shutting down and abandoning module ActorPickerMode (526)
[2017.12.02-18.56.12:415][401]LogModuleManager: Shutting down and abandoning module GeometryMode (524)
[2017.12.02-18.56.12:415][401]LogModuleManager: Shutting down and abandoning module TextureAlignMode (522)
[2017.12.02-18.56.12:415][401]LogModuleManager: Shutting down and abandoning module BspMode (520)
[2017.12.02-18.56.12:415][401]LogModuleManager: Shutting down and abandoning module PIEPreviewDeviceProfileSelector (518)
[2017.12.02-18.56.12:415][401]LogModuleManager: Shutting down and abandoning module HardwareSurvey (516)
[2017.12.02-18.56.12:415][401]LogModuleManager: Shutting down and abandoning module SequenceRecorderSections (514)
[2017.12.02-18.56.12:415][401]LogModuleManager: Shutting down and abandoning module AutomationWorker (512)
[2017.12.02-18.56.12:415][401]LogModuleManager: Shutting down and abandoning module MatineeToLevelSequence (510)
[2017.12.02-18.56.12:416][401]LogModuleManager: Shutting down and abandoning module LevelSequenceEditor (508)
[2017.12.02-18.56.12:416][401]LogModuleManager: Shutting down and abandoning module PlacementMode (507)
[2017.12.02-18.56.12:416][401]LogModuleManager: Shutting down and abandoning module WmfMediaFactory (504)
[2017.12.02-18.56.12:416][401]LogModuleManager: Shutting down and abandoning module WmfMediaEditor (502)
[2017.12.02-18.56.12:416][401]LogModuleManager: Shutting down and abandoning module OpenExrWrapper (500)
[2017.12.02-18.56.12:416][401]LogModuleManager: Shutting down and abandoning module ImgMediaFactory (498)
[2017.12.02-18.56.12:416][401]LogModuleManager: Shutting down and abandoning module ImgMediaEditor (496)
[2017.12.02-18.56.12:416][401]LogModuleManager: Shutting down and abandoning module AvfMediaFactory (494)
[2017.12.02-18.56.12:416][401]LogModuleManager: Shutting down and abandoning module AvfMediaEditor (492)
[2017.12.02-18.56.12:416][401]LogModuleManager: Shutting down and abandoning module AndroidMediaFactory (490)
[2017.12.02-18.56.12:416][401]LogModuleManager: Shutting down and abandoning module AndroidMediaEditor (488)
[2017.12.02-18.56.12:416][401]LogModuleManager: Shutting down and abandoning module CharacterAI (486)
[2017.12.02-18.56.12:416][401]LogModuleManager: Shutting down and abandoning module AudioCapture (484)
[2017.12.02-18.56.12:416][401]LogModuleManager: Shutting down and abandoning module SequenceRecorder (483)
[2017.12.02-18.56.12:416][401]LogModuleManager: Shutting down and abandoning module SmartSnapping (480)
[2017.12.02-18.56.12:416][401]LogModuleManager: Shutting down and abandoning module SessionServices (478)
[2017.12.02-18.56.12:416][401]LogModuleManager: Shutting down and abandoning module ViewportSnapping (476)
[2017.12.02-18.56.12:416][401]LogModuleManager: Shutting down and abandoning module ViewportInteraction (474)
[2017.12.02-18.56.12:416][401]LogModuleManager: Shutting down and abandoning module ClothPainter (472)
[2017.12.02-18.56.12:416][401]LogModuleManager: Shutting down and abandoning module SkeletalMeshEditor (471)
[2017.12.02-18.56.12:416][401]LogModuleManager: Shutting down and abandoning module LogVisualizer (468)
[2017.12.02-18.56.12:416][401]LogModuleManager: Shutting down and abandoning module IntroTutorials (466)
[2017.12.02-18.56.12:416][401]LogModuleManager: Shutting down and abandoning module GameProjectGeneration (465)
[2017.12.02-18.56.12:416][401]LogModuleManager: Shutting down and abandoning module IOSPlatformEditor (462)
[2017.12.02-18.56.12:416][401]LogModuleManager: Shutting down and abandoning module HTML5PlatformEditor (460)
[2017.12.02-18.56.12:416][401]LogModuleManager: Shutting down and abandoning module AndroidPlatformEditor (458)
[2017.12.02-18.56.12:417][401]LogModuleManager: Shutting down and abandoning module AndroidDeviceDetection (457)
[2017.12.02-18.56.13:013][401]LogModuleManager: Shutting down and abandoning module WindowsPlatformEditor (454)
[2017.12.02-18.56.13:013][401]LogModuleManager: Shutting down and abandoning module IOSRuntimeSettings (452)
[2017.12.02-18.56.13:013][401]LogModuleManager: Shutting down and abandoning module AndroidRuntimeSettings (450)
[2017.12.02-18.56.13:013][401]LogModuleManager: Shutting down and abandoning module InputBindingEditor (448)
[2017.12.02-18.56.13:013][401]LogModuleManager: Shutting down and abandoning module MergeActors (446)
[2017.12.02-18.56.13:013][401]LogModuleManager: Shutting down and abandoning module SizeMap (444)
[2017.12.02-18.56.13:013][401]LogModuleManager: Shutting down and abandoning module TreeMap (442)
[2017.12.02-18.56.13:013][401]LogModuleManager: Shutting down and abandoning module ReferenceViewer (440)
[2017.12.02-18.56.13:013][401]LogModuleManager: Shutting down and abandoning module LocalizationDashboard (438)
[2017.12.02-18.56.13:013][401]LogModuleManager: Shutting down and abandoning module LocalizationService (437)
[2017.12.02-18.56.13:013][401]LogModuleManager: Shutting down and abandoning module HardwareTargeting (434)
[2017.12.02-18.56.13:013][401]LogModuleManager: Shutting down and abandoning module DeviceProfileEditor (432)
[2017.12.02-18.56.13:013][401]LogModuleManager: Shutting down and abandoning module UndoHistory (430)
[2017.12.02-18.56.13:013][401]LogModuleManager: Shutting down and abandoning module XmlParser (428)
[2017.12.02-18.56.13:013][401]LogModuleManager: Shutting down and abandoning module Blutility (426)
[2017.12.02-18.56.13:013][401]LogModuleManager: Shutting down and abandoning module ProjectSettingsViewer (424)
[2017.12.02-18.56.13:013][401]LogModuleManager: Shutting down and abandoning module ProjectTargetPlatformEditor (423)
[2017.12.02-18.56.13:014][401]LogModuleManager: Shutting down and abandoning module EditorSettingsViewer (420)
[2017.12.02-18.56.13:014][401]LogModuleManager: Shutting down and abandoning module SettingsEditor (418)
[2017.12.02-18.56.13:014][401]LogModuleManager: Shutting down and abandoning module ProjectLauncher (416)
[2017.12.02-18.56.13:014][401]LogModuleManager: Shutting down and abandoning module SessionFrontend (414)
[2017.12.02-18.56.13:014][401]LogModuleManager: Shutting down and abandoning module ProfilerClient (412)
[2017.12.02-18.56.13:014][401]LogModuleManager: Shutting down and abandoning module DeviceManager (410)
[2017.12.02-18.56.13:014][401]LogModuleManager: Shutting down and abandoning module TargetDeviceServices (409)
[2017.12.02-18.56.13:066][401]LogModuleManager: Shutting down and abandoning module AutomationController (406)
[2017.12.02-18.56.13:066][401]LogModuleManager: Shutting down and abandoning module AutomationWindow (404)
[2017.12.02-18.56.13:066][401]LogModuleManager: Shutting down and abandoning module Layers (402)
[2017.12.02-18.56.13:066][401]LogModuleManager: Shutting down and abandoning module ComponentVisualizers (400)
[2017.12.02-18.56.13:066][401]LogModuleManager: Shutting down and abandoning module DetailCustomizations (398)
[2017.12.02-18.56.13:066][401]LogModuleManager: Shutting down and abandoning module PackagesDialog (396)
[2017.12.02-18.56.13:067][401]LogModuleManager: Shutting down and abandoning module Persona (394)
[2017.12.02-18.56.13:067][401]LogModuleManager: Shutting down and abandoning module AdvancedPreviewScene (393)
[2017.12.02-18.56.13:067][401]LogModuleManager: Shutting down and abandoning module AnimGraph (391)
[2017.12.02-18.56.13:067][401]LogModuleManager: Shutting down and abandoning module Kismet (388)
[2017.12.02-18.56.13:068][401]LogModuleManager: Shutting down and abandoning module ClassViewer (386)
[2017.12.02-18.56.13:068][401]LogModuleManager: Shutting down and abandoning module Toolbox (384)
[2017.12.02-18.56.13:068][401]LogModuleManager: Shutting down and abandoning module ModuleUI (382)
[2017.12.02-18.56.13:068][401]LogModuleManager: Shutting down and abandoning module MovieSceneTools (380)
[2017.12.02-18.56.13:068][401]LogModuleManager: Shutting down and abandoning module OutputLog (378)
[2017.12.02-18.56.13:068][401]LogModuleManager: Shutting down and abandoning module GammaUI (376)
[2017.12.02-18.56.13:068][401]LogModuleManager: Shutting down and abandoning module Documentation (374)
[2017.12.02-18.56.13:068][401]LogModuleManager: Shutting down and abandoning module MovieSceneTracks (372)
[2017.12.02-18.56.13:068][401]LogModuleManager: Shutting down and abandoning module MovieScene (370)
[2017.12.02-18.56.13:068][401]LogModuleManager: Shutting down and abandoning module StreamingPauseRendering (368)
[2017.12.02-18.56.13:068][401]LogModuleManager: Shutting down and abandoning module LauncherPlatform (366)
[2017.12.02-18.56.13:069][401]LogModuleManager: Shutting down and abandoning module AnalyticsET (364)
[2017.12.02-18.56.13:069][401]LogModuleManager: Shutting down and abandoning module PortalServices (362)
[2017.12.02-18.56.13:069][401]LogModuleManager: Shutting down and abandoning module PortalRpc (360)
[2017.12.02-18.56.13:069][401]LogModuleManager: Shutting down and abandoning module MessagingRpc (358)
[2017.12.02-18.56.13:069][401]LogModuleManager: Shutting down and abandoning module AIModule (356)
[2017.12.02-18.56.13:069][401]LogModuleManager: Shutting down and abandoning module GameplayDebugger (355)
[2017.12.02-18.56.13:069][401]LogModuleManager: Shutting down and abandoning module AITestSuite (353)
[2017.12.02-18.56.13:069][401]LogModuleManager: Shutting down and abandoning module DesktopPlatform (350)
[2017.12.02-18.56.13:069][401]LogModuleManager: Shutting down and abandoning module ProfilerService (348)
[2017.12.02-18.56.13:202][401]LogModuleManager: Shutting down and abandoning module TaskGraph (346)
[2017.12.02-18.56.13:202][401]LogModuleManager: Shutting down and abandoning module SteamVRController (344)
[2017.12.02-18.56.13:202][401]LogModuleManager: Shutting down and abandoning module ProceduralMeshComponentEditor (342)
[2017.12.02-18.56.13:202][401]LogModuleManager: Shutting down and abandoning module ProceduralMeshComponent (340)
[2017.12.02-18.56.13:202][401]LogModuleManager: Shutting down and abandoning module OculusInput (338)
[2017.12.02-18.56.13:202][401]LogModuleManager: Shutting down and abandoning module MobilePatchingUtils (336)
[2017.12.02-18.56.13:202][401]LogModuleManager: Shutting down and abandoning module CustomMeshComponent (334)
[2017.12.02-18.56.13:203][401]LogModuleManager: Shutting down and abandoning module CableComponent (332)
[2017.12.02-18.56.13:203][401]LogModuleManager: Shutting down and abandoning module ArchVisCharacter (330)
[2017.12.02-18.56.13:203][401]LogModuleManager: Shutting down and abandoning module AndroidPermission (328)
[2017.12.02-18.56.13:203][401]LogModuleManager: Shutting down and abandoning module ActorSequence (324)
[2017.12.02-18.56.13:203][401]LogModuleManager: Shutting down and abandoning module MediaPlayerEditor (322)
[2017.12.02-18.56.13:203][401]LogModuleManager: Shutting down and abandoning module MediaCompositingEditor (320)
[2017.12.02-18.56.13:203][401]LogModuleManager: Shutting down and abandoning module MediaCompositing (318)
[2017.12.02-18.56.13:203][401]LogModuleManager: Shutting down and abandoning module HTML5Networking (316)
[2017.12.02-18.56.13:203][401]LogModuleManager: Shutting down and abandoning module AlembicImporter (314)
[2017.12.02-18.56.13:203][401]LogModuleManager: Shutting down and abandoning module AlembicLibrary (313)
[2017.12.02-18.56.13:203][401]LogModuleManager: Shutting down and abandoning module GeometryCache (312)
[2017.12.02-18.56.13:203][401]LogModuleManager: Shutting down and abandoning module GeometryCacheEd (311)
[2017.12.02-18.56.13:203][401]LogModuleManager: Shutting down and abandoning module SpeedTreeImporter (306)
[2017.12.02-18.56.13:203][401]LogModuleManager: Shutting down and abandoning module PluginBrowser (304)
[2017.12.02-18.56.13:203][401]LogModuleManager: Shutting down and abandoning module MobileLauncherProfileWizard (302)
[2017.12.02-18.56.13:203][401]LogModuleManager: Shutting down and abandoning module VisualStudioSourceCodeAccess (300)
[2017.12.02-18.56.13:203][401]LogModuleManager: Shutting down and abandoning module VisualStudioCodeSourceCodeAccess (298)
[2017.12.02-18.56.13:203][401]LogModuleManager: Shutting down and abandoning module UObjectPlugin (296)
[2017.12.02-18.56.13:203][401]LogModuleManager: Shutting down and abandoning module SubversionSourceControl (294)
[2017.12.02-18.56.13:203][401]LogModuleManager: Shutting down and abandoning module PerforceSourceControl (292)
[2017.12.02-18.56.13:203][401]LogModuleManager: Shutting down and abandoning module GitSourceControl (290)
[2017.12.02-18.56.13:203][401]LogModuleManager: Shutting down and abandoning module SourceControl (289)
[2017.12.02-18.56.13:203][401]LogModuleManager: Shutting down and abandoning module LightPropagationVolumeEditor (286)
[2017.12.02-18.56.13:203][401]LogModuleManager: Shutting down and abandoning module PaperTiledImporter (284)
[2017.12.02-18.56.13:203][401]LogModuleManager: Shutting down and abandoning module PaperSpriteSheetImporter (282)
[2017.12.02-18.56.13:203][401]LogModuleManager: Shutting down and abandoning module Paper2DEditor (280)
[2017.12.02-18.56.13:203][401]LogModuleManager: Shutting down and abandoning module MeshPaint (279)
[2017.12.02-18.56.13:203][401]LogModuleManager: Shutting down and abandoning module LevelEditor (277)
[2017.12.02-18.56.13:204][401]LogModuleManager: Shutting down and abandoning module PixelInspectorModule (276)
[2017.12.02-18.56.13:204][401]LogModuleManager: Shutting down and abandoning module MainFrame (274)
[2017.12.02-18.56.13:204][401]LogModuleManager: Shutting down and abandoning module HotReload (273)
[2017.12.02-18.56.13:204][401]LogModuleManager: Shutting down and abandoning module RuntimePhysXCooking (268)
[2017.12.02-18.56.13:204][401]LogModuleManager: Shutting down and abandoning module PhysXVehiclesEditor (266)
[2017.12.02-18.56.13:204][401]LogModuleManager: Shutting down and abandoning module PhysXVehicles (264)
[2017.12.02-18.56.13:204][401]LogModuleManager: Shutting down and abandoning module OculusEditor (262)
[2017.12.02-18.56.13:204][401]LogModuleManager: Shutting down and abandoning module LocationServicesBPLibrary (260)
[2017.12.02-18.56.13:204][401]LogModuleManager: Shutting down and abandoning module ImmediatePhysicsEditor (258)
[2017.12.02-18.56.13:204][401]LogModuleManager: Shutting down and abandoning module ImmediatePhysics (256)
[2017.12.02-18.56.13:204][401]LogModuleManager: Shutting down and abandoning module UdpMessaging (254)
[2017.12.02-18.56.13:305][401]LogModuleManager: Shutting down and abandoning module TcpMessaging (252)
[2017.12.02-18.56.13:406][401]LogModuleManager: Shutting down and abandoning module GameplayTagsEditor (250)
[2017.12.02-18.56.13:406][401]LogModuleManager: Shutting down and abandoning module FacialAnimationEditor (248)
[2017.12.02-18.56.13:406][401]LogModuleManager: Shutting down and abandoning module FacialAnimation (246)
[2017.12.02-18.56.13:406][401]LogModuleManager: Shutting down and abandoning module AssetManagerEditor (244)
[2017.12.02-18.56.13:406][401]LogModuleManager: Shutting down and abandoning module GraphEditor (243)
[2017.12.02-18.56.13:406][401]LogModuleManager: Shutting down and abandoning module ContentBrowser (241)
[2017.12.02-18.56.13:407][401]LogModuleManager: Shutting down and abandoning module LightPropagationVolumeRuntime (238)
[2017.12.02-18.56.13:407][401]LogModuleManager: Shutting down and abandoning module Paper2D (236)
[2017.12.02-18.56.13:407][401]LogModuleManager: Shutting down and abandoning module WindowsMoviePlayer (234)
[2017.12.02-18.56.13:407][401]LogModuleManager: Shutting down and abandoning module WmfMedia (232)
[2017.12.02-18.56.13:407][401]LogModuleManager: Shutting down and abandoning module ImgMedia (230)
[2017.12.02-18.56.13:407][401]LogModuleManager: Shutting down and abandoning module PacketHandler (228)
[2017.12.02-18.56.13:407][401]LogModuleManager: Shutting down and abandoning module ClothingSystemEditor (226)
[2017.12.02-18.56.13:407][401]LogModuleManager: Shutting down and abandoning module ClothingSystemRuntime (224)
[2017.12.02-18.56.13:407][401]LogModuleManager: Shutting down and abandoning module MediaAssets (222)
[2017.12.02-18.56.13:408][401]LogModuleManager: Shutting down and abandoning module Media (221)
[2017.12.02-18.56.13:414][401]LogModuleManager: Shutting down and abandoning module Overlay (218)
[2017.12.02-18.56.13:414][401]LogModuleManager: Shutting down and abandoning module OverlayEditor (217)
[2017.12.02-18.56.13:414][401]LogModuleManager: Shutting down and abandoning module VREditor (214)
[2017.12.02-18.56.13:414][401]LogModuleManager: Shutting down and abandoning module StringTableEditor (212)
[2017.12.02-18.56.13:414][401]LogModuleManager: Shutting down and abandoning module GameplayTasksEditor (210)
[2017.12.02-18.56.13:414][401]LogModuleManager: Shutting down and abandoning module BehaviorTreeEditor (208)
[2017.12.02-18.56.13:414][401]LogModuleManager: Shutting down and abandoning module FunctionalTesting (206)
[2017.12.02-18.56.13:414][401]LogModuleManager: Shutting down and abandoning module CollisionAnalyzer (204)
[2017.12.02-18.56.13:414][401]LogModuleManager: Shutting down and abandoning module WorkspaceMenuStructure (203)
[2017.12.02-18.56.13:414][401]LogModuleManager: Shutting down and abandoning module UMG (200)
[2017.12.02-18.56.13:414][401]LogModuleManager: Shutting down and abandoning module UMGEditor (199)
[2017.12.02-18.56.13:415][401]LogModuleManager: Shutting down and abandoning module Sequencer (198)
[2017.12.02-18.56.13:415][401]LogModuleManager: Shutting down and abandoning module MessageLog (195)
[2017.12.02-18.56.13:415][401]LogModuleManager: Shutting down and abandoning module SlateReflector (190)
[2017.12.02-18.56.13:415][401]LogModuleManager: Shutting down and abandoning module Slate (188)
[2017.12.02-18.56.13:415][401]LogModuleManager: Shutting down and abandoning module EditorStyle (186)
[2017.12.02-18.56.13:418][401]LogModuleManager: Shutting down and abandoning module MRMesh (184)
[2017.12.02-18.56.13:418][401]LogModuleManager: Shutting down and abandoning module SourceCodeAccess (182)
[2017.12.02-18.56.13:418][401]LogModuleManager: Shutting down and abandoning module HeadMountedDisplay (180)
[2017.12.02-18.56.13:418][401]LogModuleManager: Shutting down and abandoning module XAudio2 (178)
[2017.12.02-18.56.13:418][401]LogModuleManager: Shutting down and abandoning module Networking (176)
[2017.12.02-18.56.13:418][401]LogModuleManager: Shutting down and abandoning module Core (172)
[2017.12.02-18.56.13:418][401]LogModuleManager: Shutting down and abandoning module LevelSequence (168)
[2017.12.02-18.56.13:418][401]LogModuleManager: Shutting down and abandoning module DirectoryWatcher (166)
[2017.12.02-18.56.13:418][401]LogModuleManager: Shutting down and abandoning module KismetCompiler (164)
[2017.12.02-18.56.13:418][401]LogModuleManager: Shutting down and abandoning module MeshUtilities (162)
[2017.12.02-18.56.13:418][401]LogModuleManager: Shutting down and abandoning module MeshMergeUtilities (161)
[2017.12.02-18.56.13:419][401]LogModuleManager: Shutting down and abandoning module MeshReductionInterface (160)
[2017.12.02-18.56.13:419][401]LogModuleManager: Shutting down and abandoning module SimplygonSwarm (159)
[2017.12.02-18.56.13:419][401]LogModuleManager: Shutting down and abandoning module SimplygonMeshReduction (157)
[2017.12.02-18.56.13:419][401]LogModuleManager: Shutting down and abandoning module QuadricMeshReduction (155)
[2017.12.02-18.56.13:419][401]LogModuleManager: Shutting down and abandoning module MaterialBaking (151)
[2017.12.02-18.56.13:419][401]LogModuleManager: Shutting down and abandoning module DerivedDataCache (148)
[2017.12.02-18.56.13:517][401]LogDerivedDataCache: Shutdown
[2017.12.02-18.56.13:517][401]LogModuleManager: Shutting down and abandoning module TargetPlatform (146)
[2017.12.02-18.56.13:517][401]LogModuleManager: Shutting down and abandoning module VulkanShaderFormat (145)
[2017.12.02-18.56.13:517][401]LogModuleManager: Shutting down and abandoning module ShaderFormatVectorVM (143)
[2017.12.02-18.56.13:517][401]LogModuleManager: Shutting down and abandoning module ShaderFormatOpenGL (141)
[2017.12.02-18.56.13:517][401]LogModuleManager: Shutting down and abandoning module ShaderFormatD3D (139)
[2017.12.02-18.56.13:517][401]LogModuleManager: Shutting down and abandoning module MetalShaderFormat (137)
[2017.12.02-18.56.13:517][401]LogModuleManager: Shutting down and abandoning module TextureFormatUncompressed (135)
[2017.12.02-18.56.13:517][401]LogModuleManager: Shutting down and abandoning module TextureFormatPVR (133)
[2017.12.02-18.56.13:517][401]LogModuleManager: Shutting down and abandoning module TextureFormatDXT (131)
[2017.12.02-18.56.13:517][401]LogModuleManager: Shutting down and abandoning module TextureFormatIntelISPCTexComp (129)
[2017.12.02-18.56.13:517][401]LogModuleManager: Shutting down and abandoning module TextureFormatASTC (127)
[2017.12.02-18.56.13:517][401]LogModuleManager: Shutting down and abandoning module ImageWrapper (126)
[2017.12.02-18.56.13:517][401]LogModuleManager: Shutting down and abandoning module TextureFormatAndroid (123)
[2017.12.02-18.56.13:517][401]LogModuleManager: Shutting down and abandoning module AudioFormatOpus (121)
[2017.12.02-18.56.13:517][401]LogModuleManager: Shutting down and abandoning module AudioFormatOgg (119)
[2017.12.02-18.56.13:517][401]LogModuleManager: Shutting down and abandoning module AudioFormatADPCM (117)
[2017.12.02-18.56.13:517][401]LogModuleManager: Shutting down and abandoning module LinuxTargetPlatform (115)
[2017.12.02-18.56.13:517][401]LogModuleManager: Shutting down and abandoning module LinuxServerTargetPlatform (113)
[2017.12.02-18.56.13:518][401]LogModuleManager: Shutting down and abandoning module LinuxNoEditorTargetPlatform (111)
[2017.12.02-18.56.13:518][401]LogModuleManager: Shutting down and abandoning module LinuxClientTargetPlatform (109)
[2017.12.02-18.56.13:518][401]LogModuleManager: Shutting down and abandoning module TVOSTargetPlatform (107)
[2017.12.02-18.56.13:518][401]LogModuleManager: Shutting down and abandoning module Messaging (105)
[2017.12.02-18.56.13:518][401]LogModuleManager: Shutting down and abandoning module IOSTargetPlatform (103)
[2017.12.02-18.56.13:518][401]LogModuleManager: Shutting down and abandoning module HTML5TargetPlatform (101)
[2017.12.02-18.56.13:518][401]LogModuleManager: Shutting down and abandoning module AndroidTargetPlatform (99)
[2017.12.02-18.56.13:518][401]LogModuleManager: Shutting down and abandoning module Android_PVRTCTargetPlatform (97)
[2017.12.02-18.56.13:518][401]LogModuleManager: Shutting down and abandoning module Android_MultiTargetPlatform (95)
[2017.12.02-18.56.13:518][401]LogModuleManager: Shutting down and abandoning module Android_ETC2TargetPlatform (93)
[2017.12.02-18.56.13:518][401]LogModuleManager: Shutting down and abandoning module Android_ETC1TargetPlatform (91)
[2017.12.02-18.56.13:518][401]LogModuleManager: Shutting down and abandoning module Android_DXTTargetPlatform (89)
[2017.12.02-18.56.13:518][401]LogModuleManager: Shutting down and abandoning module Android_ATCTargetPlatform (87)
[2017.12.02-18.56.13:518][401]LogModuleManager: Shutting down and abandoning module Android_ASTCTargetPlatform (85)
[2017.12.02-18.56.13:518][401]LogModuleManager: Shutting down and abandoning module WindowsTargetPlatform (83)
[2017.12.02-18.56.13:518][401]LogModuleManager: Shutting down and abandoning module WindowsServerTargetPlatform (81)
[2017.12.02-18.56.13:518][401]LogModuleManager: Shutting down and abandoning module WindowsNoEditorTargetPlatform (79)
[2017.12.02-18.56.13:518][401]LogModuleManager: Shutting down and abandoning module WindowsClientTargetPlatform (77)
[2017.12.02-18.56.13:518][401]LogModuleManager: Shutting down and abandoning module MacTargetPlatform (75)
[2017.12.02-18.56.13:518][401]LogModuleManager: Shutting down and abandoning module MacServerTargetPlatform (73)
[2017.12.02-18.56.13:518][401]LogModuleManager: Shutting down and abandoning module MacNoEditorTargetPlatform (71)
[2017.12.02-18.56.13:518][401]LogModuleManager: Shutting down and abandoning module MacClientTargetPlatform (69)
[2017.12.02-18.56.13:518][401]LogModuleManager: Shutting down and abandoning module AllDesktopTargetPlatform (67)
[2017.12.02-18.56.13:518][401]LogModuleManager: Shutting down and abandoning module InputCore (64)
[2017.12.02-18.56.13:518][401]LogModuleManager: Shutting down and abandoning module Settings (62)
[2017.12.02-18.56.13:518][401]LogModuleManager: Shutting down and abandoning module PhysXCooking (60)
[2017.12.02-18.56.13:518][401]LogModuleManager: Shutting down and abandoning module SteamVR (58)
[2017.12.02-18.56.13:518][401]LogModuleManager: Shutting down and abandoning module OculusHMD (56)
[2017.12.02-18.56.13:518][401]LogModuleManager: Shutting down and abandoning module ExampleDeviceProfileSelector (54)
[2017.12.02-18.56.13:518][401]LogModuleManager: Shutting down and abandoning module AppleARKit (52)
[2017.12.02-18.56.13:518][401]LogModuleManager: Shutting down and abandoning module AugmentedReality (51)
[2017.12.02-18.56.13:518][401]LogModuleManager: Shutting down and abandoning module OnlineBlueprintSupport (48)
[2017.12.02-18.56.13:518][401]LogModuleManager: Shutting down and abandoning module OnlineSubsystem (44)
[2017.12.02-18.56.13:518][401]LogModuleManager: Shutting down and abandoning module XMPP (43)
[2017.12.02-18.56.13:518][401]LogModuleManager: Shutting down and abandoning module HTTP (41)
[2017.12.02-18.56.13:518][401]LogHttp: Display: Http module shutting down, but needs to wait on 1 outstanding Http requests:
[2017.12.02-18.56.13:518][401]LogHttp: Display: 	verb=[POST] url=[https://datarouter.ol.epicgames.com/datarouter/api/v1/public/data?SessionID=%7BF23BD9A7-4832-D174-AE43-B8AAE4C376AD%7D&AppID=UEEditor.Rocket.Release&AppVersion=4.18.1-3754814%2B%2B%2BUE4%2BRelease-4.18&UserID=700b530b44954291858943b190eb150f%7Cf50c59bb2559412490fa45ec7061dd06%7C845a5fc5-4e79-4515-89dd-a77e047a49b5&AppEnvironment=datacollector-binary&UploadType=eteventstream] status=Processing
[2017.12.02-18.56.13:520][401]LogModuleManager: Shutting down and abandoning module SSL (40)
[2017.12.02-18.56.13:522][401]LogModuleManager: Shutting down and abandoning module AnimationModifiers (36)
[2017.12.02-18.56.13:522][401]LogModuleManager: Shutting down and abandoning module PropertyEditor (35)
[2017.12.02-18.56.13:522][401]LogModuleManager: Shutting down and abandoning module AudioEditor (32)
[2017.12.02-18.56.13:522][401]LogModuleManager: Shutting down and abandoning module TextureCompressor (30)
[2017.12.02-18.56.13:522][401]LogModuleManager: Shutting down and abandoning module ShaderCore (28)
[2017.12.02-18.56.13:522][401]LogModuleManager: Shutting down and abandoning module Landscape (26)
[2017.12.02-18.56.13:522][401]LogModuleManager: Shutting down and abandoning module SlateRHIRenderer (24)
[2017.12.02-18.56.13:522][401]LogModuleManager: Shutting down and abandoning module OpenGLDrv (22)
[2017.12.02-18.56.13:522][401]LogModuleManager: Shutting down and abandoning module D3D11RHI (20)
[2017.12.02-18.56.13:522][401]LogModuleManager: Shutting down and abandoning module AnimGraphRuntime (18)
[2017.12.02-18.56.13:522][401]LogModuleManager: Shutting down and abandoning module Renderer (16)
[2017.12.02-18.56.13:522][401]LogModuleManager: Shutting down and abandoning module Engine (14)
[2017.12.02-18.56.13:522][401]LogModuleManager: Shutting down and abandoning module CoreUObject (12)
[2017.12.02-18.56.13:522][401]LogModuleManager: Shutting down and abandoning module NetworkFile (10)
[2017.12.02-18.56.13:523][401]LogModuleManager: Shutting down and abandoning module CookedIterativeFile (8)
[2017.12.02-18.56.13:523][401]LogModuleManager: Shutting down and abandoning module StreamingFile (6)
[2017.12.02-18.56.13:523][401]LogModuleManager: Shutting down and abandoning module SandboxFile (4)
[2017.12.02-18.56.13:523][401]LogModuleManager: Shutting down and abandoning module PakFile (2)
[2017.12.02-18.56.13:525][401]LogExit: Exiting.
[2017.12.02-18.56.13:536][401]Log file closed, 12/02/17 20:56:13
